[2024-11-30 13:16:53] [INFO] Database connection established successfully
[2024-11-30 13:19:48] [INFO] Database connection established successfully
[2024-11-30 13:20:15] [INFO] Login attempt initiated
[2024-11-30 13:20:15] [INFO] Database connection established successfully
[2024-11-30 13:20:15] [INFO] Successful login for user: margenana@home.com
[2024-11-30 13:20:26] [INFO] Login attempt initiated
[2024-11-30 13:20:26] [INFO] Database connection established successfully
[2024-11-30 13:20:26] [INFO] Successful login for user: margenana@home.com
[2024-11-30 13:20:27] [INFO] Login attempt initiated
[2024-11-30 13:20:27] [INFO] Database connection established successfully
[2024-11-30 13:20:27] [INFO] Successful login for user: margenana@home.com
[2024-11-30 13:20:44] [INFO] Login attempt initiated
[2024-11-30 13:20:44] [INFO] Database connection established successfully
[2024-11-30 13:20:44] [INFO] Successful login for user: margenana@home.com
[2024-11-30 13:22:13] [INFO] Login attempt initiated
[2024-11-30 13:22:13] [INFO] Database connection established successfully
[2024-11-30 13:22:13] [INFO] Successful login for user: margenana@home.com
[2024-11-30 13:22:13] [INFO] Database connection established successfully
[2024-11-30 13:22:13] [INFO] Database connection established successfully
[2024-11-30 13:32:06] [INFO] Login attempt initiated
[2024-11-30 13:32:06] [INFO] Database connection established successfully
[2024-11-30 13:32:06] [INFO] Successful login for user: margenana@home.com
[2024-11-30 13:32:06] [INFO] Database connection established successfully
[2024-11-30 13:32:06] [INFO] Database connection established successfully
[2024-11-30 13:32:06] [INFO] Making API request for word: please
[2024-11-30 13:32:08] [INFO] Retrieved default course ID: 1
[2024-11-30 13:32:08] [INFO] Translation cached successfully for word: please
[2024-11-30 13:32:08] [INFO] Successfully translated: please to veuillez
[2024-11-30 13:32:08] [INFO] Retrieved default course ID: 1
[2024-11-30 13:32:08] [INFO] Created new word of the day: please
[2024-11-30 13:32:17] [INFO] Database connection established successfully
[2024-11-30 13:32:17] [INFO] Database connection established successfully
[2024-11-30 13:32:17] [INFO] Retrieved existing word of the day: please
[2024-11-30 13:32:37] [INFO] Database connection established successfully
[2024-11-30 13:32:37] [INFO] Database connection established successfully
[2024-11-30 13:32:37] [INFO] Retrieved existing word of the day: please
[2024-11-30 13:32:51] [INFO] Database connection established successfully
[2024-11-30 13:32:51] [INFO] Database connection established successfully
[2024-11-30 13:32:51] [INFO] Retrieved existing word of the day: please
[2024-11-30 15:17:48] [INFO] Database connection established successfully
[2024-11-30 15:17:48] [INFO] Database connection established successfully
[2024-11-30 15:17:48] [INFO] Retrieved existing word of the day: please
[2024-11-30 15:21:49] [INFO] Database connection established successfully
[2024-11-30 15:21:49] [INFO] Database connection established successfully
[2024-11-30 15:21:49] [INFO] Retrieved existing word of the day: please
[2024-11-30 15:21:53] [INFO] Database connection established successfully
[2024-11-30 15:21:53] [INFO] Database connection established successfully
[2024-11-30 15:21:53] [INFO] Retrieved existing word of the day: please
[2024-11-30 15:21:54] [INFO] Database connection established successfully
[2024-11-30 15:21:54] [INFO] Database connection established successfully
[2024-11-30 15:21:54] [INFO] Retrieved existing word of the day: please
[2024-11-30 15:21:57] [INFO] Database connection established successfully
[2024-11-30 15:21:57] [INFO] Database connection established successfully
[2024-11-30 15:21:57] [INFO] Retrieved existing word of the day: please
[2024-11-30 15:22:11] [INFO] Database connection established successfully
[2024-11-30 15:22:11] [INFO] Database connection established successfully
[2024-11-30 15:22:11] [INFO] Retrieved existing word of the day: please
[2024-11-30 15:25:15] [INFO] Database connection established successfully
[2024-11-30 15:25:15] [INFO] Database connection established successfully
[2024-11-30 15:25:15] [INFO] Retrieved existing word of the day: please
[2024-11-30 15:26:39] [INFO] Database connection established successfully
[2024-11-30 15:26:39] [INFO] Database connection established successfully
[2024-11-30 15:26:39] [INFO] Retrieved existing word of the day: please
[2024-11-30 15:53:19] [INFO] Database connection established successfully
[2024-11-30 15:53:19] [INFO] Database connection established successfully
[2024-11-30 15:53:19] [INFO] Making API request for word: please
[2024-11-30 15:53:20] [INFO] Retrieved default course ID: 1
[2024-11-30 15:53:20] [INFO] Translation cached successfully for word: please
[2024-11-30 15:53:20] [INFO] Successfully translated: please to veuillez
[2024-11-30 15:53:20] [INFO] Retrieved default course ID: 1
[2024-11-30 15:53:20] [INFO] Created new word of the day: please
[2024-11-30 15:53:34] [INFO] Database connection established successfully
[2024-11-30 15:53:34] [INFO] Database connection established successfully
[2024-11-30 15:53:34] [INFO] Retrieved existing word of the day: please
[2024-11-30 15:56:36] [INFO] Database connection established successfully
[2024-11-30 15:56:36] [INFO] Database connection established successfully
[2024-11-30 15:56:36] [INFO] Retrieved existing word of the day: please
[2024-11-30 15:56:38] [INFO] Database connection established successfully
[2024-11-30 15:56:38] [INFO] Database connection established successfully
[2024-11-30 15:56:38] [INFO] Retrieved existing word of the day: please
[2024-11-30 15:56:44] [INFO] Database connection established successfully
[2024-11-30 15:56:44] [INFO] Database connection established successfully
[2024-11-30 15:56:44] [INFO] Retrieved existing word of the day: please
[2024-11-30 16:03:46] [INFO] Database connection established successfully
[2024-11-30 16:03:46] [INFO] Database connection established successfully
[2024-11-30 16:03:46] [INFO] Retrieved existing word of the day: please
[2024-11-30 16:08:53] [INFO] Database connection established successfully
[2024-11-30 16:08:53] [INFO] Database connection established successfully
[2024-11-30 16:08:53] [INFO] Retrieved existing word of the day: please
[2024-11-30 16:08:56] [INFO] Database connection established successfully
[2024-11-30 16:08:56] [INFO] Database connection established successfully
[2024-11-30 16:08:56] [INFO] Retrieved existing word of the day: please
[2024-11-30 16:13:54] [INFO] Database connection established successfully
[2024-11-30 16:13:54] [INFO] Database connection established successfully
[2024-11-30 16:13:54] [INFO] Retrieved existing word of the day: please
[2024-11-30 16:13:56] [INFO] Database connection established successfully
[2024-11-30 16:13:56] [INFO] Database connection established successfully
[2024-11-30 16:13:57] [INFO] Database connection established successfully
[2024-11-30 16:13:57] [INFO] Database connection established successfully
[2024-11-30 16:13:57] [INFO] Retrieved existing word of the day: please
[2024-11-30 16:14:45] [INFO] Database connection established successfully
[2024-11-30 16:14:45] [INFO] Database connection established successfully
[2024-11-30 16:14:45] [INFO] Retrieved existing word of the day: please
[2024-11-30 16:16:02] [INFO] Database connection established successfully
[2024-11-30 16:16:02] [INFO] Database connection established successfully
[2024-11-30 16:16:02] [INFO] Retrieved existing word of the day: please
[2024-11-30 16:16:06] [INFO] Database connection established successfully
[2024-11-30 16:16:06] [INFO] Database connection established successfully
[2024-11-30 16:16:06] [INFO] Retrieved existing word of the day: please
[2024-11-30 16:16:08] [INFO] Database connection established successfully
[2024-11-30 16:16:08] [INFO] Database connection established successfully
[2024-11-30 16:16:08] [INFO] Retrieved existing word of the day: please
[2024-11-30 16:16:10] [INFO] Database connection established successfully
[2024-11-30 16:16:10] [INFO] Database connection established successfully
[2024-11-30 16:16:15] [INFO] Database connection established successfully
[2024-11-30 16:16:15] [INFO] Database connection established successfully
[2024-11-30 16:16:15] [INFO] Retrieved existing word of the day: please
[2024-11-30 16:17:00] [INFO] Database connection established successfully
[2024-11-30 16:17:00] [INFO] Database connection established successfully
[2024-11-30 16:17:00] [INFO] Retrieved existing word of the day: please
[2024-11-30 16:18:57] [INFO] Database connection established successfully
[2024-11-30 16:18:57] [INFO] Database connection established successfully
[2024-11-30 16:18:57] [INFO] Retrieved existing word of the day: please
[2024-11-30 16:18:58] [INFO] Database connection established successfully
[2024-11-30 16:18:58] [INFO] Database connection established successfully
[2024-11-30 16:18:58] [INFO] Retrieved existing word of the day: please
[2024-11-30 16:21:09] [INFO] Database connection established successfully
[2024-11-30 16:21:09] [INFO] Database connection established successfully
[2024-11-30 16:21:09] [INFO] Retrieved existing word of the day: please
[2024-11-30 16:21:11] [INFO] Database connection established successfully
[2024-11-30 16:21:11] [INFO] Database connection established successfully
[2024-11-30 16:21:11] [INFO] Retrieved existing word of the day: please
[2024-11-30 16:21:14] [INFO] Database connection established successfully
[2024-11-30 16:21:14] [INFO] Database connection established successfully
[2024-11-30 16:21:14] [INFO] Retrieved existing word of the day: please
[2024-11-30 16:21:29] [INFO] Database connection established successfully
[2024-11-30 16:21:29] [INFO] Database connection established successfully
[2024-11-30 16:21:29] [INFO] Retrieved existing word of the day: please
[2024-11-30 16:21:30] [INFO] Database connection established successfully
[2024-11-30 16:21:32] [INFO] Database connection established successfully
[2024-11-30 16:21:32] [INFO] Database connection established successfully
[2024-11-30 16:21:32] [INFO] Retrieved existing word of the day: please
[2024-11-30 16:21:33] [INFO] Database connection established successfully
[2024-11-30 16:21:35] [INFO] Database connection established successfully
[2024-11-30 16:21:35] [INFO] Database connection established successfully
[2024-11-30 16:21:35] [INFO] Retrieved existing word of the day: please
[2024-11-30 16:23:21] [INFO] Database connection established successfully
[2024-11-30 16:23:27] [INFO] Database connection established successfully
[2024-11-30 16:23:27] [INFO] Database connection established successfully
[2024-11-30 16:23:27] [INFO] Retrieved existing word of the day: please
[2024-11-30 16:23:29] [INFO] Database connection established successfully
[2024-11-30 16:26:39] [INFO] Database connection established successfully
[2024-11-30 16:26:39] [INFO] Database connection established successfully
[2024-11-30 16:26:39] [INFO] Retrieved existing word of the day: please
[2024-11-30 16:26:40] [INFO] Database connection established successfully
[2024-11-30 16:26:40] [INFO] Database connection established successfully
[2024-11-30 16:26:45] [INFO] Database connection established successfully
[2024-11-30 16:26:45] [INFO] Database connection established successfully
[2024-11-30 16:26:45] [INFO] Retrieved existing word of the day: please
[2024-11-30 16:26:46] [INFO] Database connection established successfully
[2024-11-30 16:26:46] [INFO] Database connection established successfully
[2024-11-30 16:26:49] [INFO] Database connection established successfully
[2024-11-30 16:26:49] [INFO] Database connection established successfully
[2024-11-30 16:26:49] [INFO] Retrieved existing word of the day: please
[2024-11-30 16:27:03] [INFO] Database connection established successfully
[2024-11-30 16:27:03] [INFO] Database connection established successfully
[2024-11-30 16:27:08] [INFO] Database connection established successfully
[2024-11-30 16:27:08] [INFO] Database connection established successfully
[2024-11-30 16:27:08] [INFO] Retrieved existing word of the day: please
[2024-11-30 16:27:10] [INFO] Database connection established successfully
[2024-11-30 16:27:10] [INFO] Database connection established successfully
[2024-11-30 16:27:11] [INFO] Database connection established successfully
[2024-11-30 16:27:11] [INFO] Database connection established successfully
[2024-11-30 16:27:11] [INFO] Retrieved existing word of the day: please
[2024-11-30 16:27:12] [INFO] Database connection established successfully
[2024-11-30 16:27:12] [INFO] Database connection established successfully
[2024-11-30 16:29:15] [INFO] Database connection established successfully
[2024-11-30 16:29:15] [INFO] Database connection established successfully
[2024-11-30 16:29:17] [INFO] Retrieved default course ID: 1
[2024-11-30 16:29:17] [INFO] Translation cached successfully for word: hello
[2024-11-30 16:29:18] [INFO] Retrieved default course ID: 1
[2024-11-30 16:29:18] [INFO] Translation cached successfully for word: thank you
[2024-11-30 16:29:18] [INFO] Retrieved cached translation for: please
[2024-11-30 16:29:20] [INFO] Retrieved default course ID: 1
[2024-11-30 16:29:20] [INFO] Translation cached successfully for word: goodbye
[2024-11-30 16:29:21] [INFO] Retrieved default course ID: 1
[2024-11-30 16:29:21] [INFO] Translation cached successfully for word: yes
[2024-11-30 16:29:22] [INFO] Retrieved default course ID: 1
[2024-11-30 16:29:22] [INFO] Translation cached successfully for word: no
[2024-11-30 16:29:23] [INFO] Retrieved default course ID: 1
[2024-11-30 16:29:23] [INFO] Translation cached successfully for word: good morning
[2024-11-30 16:29:24] [INFO] Retrieved default course ID: 1
[2024-11-30 16:29:24] [INFO] Translation cached successfully for word: good evening
[2024-11-30 16:29:24] [INFO] Database connection established successfully
[2024-11-30 16:29:24] [INFO] Database connection established successfully
[2024-11-30 16:29:24] [INFO] Retrieved existing word of the day: please
[2024-11-30 16:29:26] [INFO] Database connection established successfully
[2024-11-30 16:29:26] [INFO] Database connection established successfully
[2024-11-30 16:29:26] [INFO] Retrieved cached translation for: hello
[2024-11-30 16:29:26] [INFO] Retrieved cached translation for: thank you
[2024-11-30 16:29:26] [INFO] Retrieved cached translation for: please
[2024-11-30 16:29:26] [INFO] Retrieved cached translation for: goodbye
[2024-11-30 16:29:26] [INFO] Retrieved cached translation for: yes
[2024-11-30 16:29:26] [INFO] Retrieved cached translation for: no
[2024-11-30 16:29:26] [INFO] Retrieved cached translation for: good morning
[2024-11-30 16:29:26] [INFO] Retrieved cached translation for: good evening
[2024-11-30 16:29:30] [INFO] Database connection established successfully
[2024-11-30 16:29:30] [INFO] Database connection established successfully
[2024-11-30 16:29:30] [INFO] Retrieved existing word of the day: please
[2024-11-30 16:29:31] [INFO] Database connection established successfully
[2024-11-30 16:29:31] [INFO] Database connection established successfully
[2024-11-30 16:29:32] [INFO] Retrieved default course ID: 1
[2024-11-30 16:29:32] [INFO] Translation cached successfully for word: tomorrow
[2024-11-30 16:29:33] [INFO] Retrieved default course ID: 1
[2024-11-30 16:29:33] [INFO] Translation cached successfully for word: yesterday
[2024-11-30 16:29:34] [INFO] Retrieved default course ID: 1
[2024-11-30 16:29:34] [INFO] Translation cached successfully for word: perhaps
[2024-11-30 16:29:35] [INFO] Retrieved default course ID: 1
[2024-11-30 16:29:35] [INFO] Translation cached successfully for word: always
[2024-11-30 16:29:36] [INFO] Retrieved default course ID: 1
[2024-11-30 16:29:36] [INFO] Translation cached successfully for word: never
[2024-11-30 16:29:37] [INFO] Retrieved default course ID: 1
[2024-11-30 16:29:37] [INFO] Translation cached successfully for word: sometimes
[2024-11-30 16:29:38] [INFO] Retrieved default course ID: 1
[2024-11-30 16:29:38] [ERROR] Cache translation failed: SQLSTATE[22001]: String data, right truncated: 1406 Data too long for column 'translation' at row 1
[2024-11-30 16:29:39] [INFO] Retrieved default course ID: 1
[2024-11-30 16:29:39] [INFO] Translation cached successfully for word: often
[2024-11-30 16:29:39] [INFO] Database connection established successfully
[2024-11-30 16:29:39] [INFO] Database connection established successfully
[2024-11-30 16:29:39] [INFO] Retrieved cached translation for: tomorrow
[2024-11-30 16:29:39] [INFO] Retrieved cached translation for: yesterday
[2024-11-30 16:29:39] [INFO] Retrieved cached translation for: perhaps
[2024-11-30 16:29:39] [INFO] Retrieved cached translation for: always
[2024-11-30 16:29:39] [INFO] Retrieved cached translation for: never
[2024-11-30 16:29:39] [INFO] Retrieved cached translation for: sometimes
[2024-11-30 16:29:40] [INFO] Retrieved default course ID: 1
[2024-11-30 16:29:40] [ERROR] Cache translation failed: SQLSTATE[22001]: String data, right truncated: 1406 Data too long for column 'translation' at row 1
[2024-11-30 16:29:40] [INFO] Retrieved cached translation for: often
[2024-11-30 16:29:40] [INFO] Database connection established successfully
[2024-11-30 16:29:40] [INFO] Database connection established successfully
[2024-11-30 16:29:40] [INFO] Retrieved cached translation for: tomorrow
[2024-11-30 16:29:40] [INFO] Retrieved cached translation for: yesterday
[2024-11-30 16:29:40] [INFO] Retrieved cached translation for: perhaps
[2024-11-30 16:29:40] [INFO] Retrieved cached translation for: always
[2024-11-30 16:29:40] [INFO] Retrieved cached translation for: never
[2024-11-30 16:29:40] [INFO] Retrieved cached translation for: sometimes
[2024-11-30 16:29:41] [INFO] Retrieved default course ID: 1
[2024-11-30 16:29:41] [ERROR] Cache translation failed: SQLSTATE[22001]: String data, right truncated: 1406 Data too long for column 'translation' at row 1
[2024-11-30 16:29:41] [INFO] Retrieved cached translation for: often
[2024-11-30 16:29:48] [INFO] Database connection established successfully
[2024-11-30 16:29:48] [INFO] Database connection established successfully
[2024-11-30 16:29:48] [INFO] Retrieved existing word of the day: please
[2024-11-30 16:29:49] [INFO] Database connection established successfully
[2024-11-30 16:29:49] [INFO] Database connection established successfully
[2024-11-30 16:29:49] [INFO] Retrieved cached translation for: hello
[2024-11-30 16:29:49] [INFO] Retrieved cached translation for: thank you
[2024-11-30 16:29:49] [INFO] Retrieved cached translation for: please
[2024-11-30 16:29:49] [INFO] Retrieved cached translation for: goodbye
[2024-11-30 16:29:49] [INFO] Retrieved cached translation for: yes
[2024-11-30 16:29:49] [INFO] Retrieved cached translation for: no
[2024-11-30 16:29:49] [INFO] Retrieved cached translation for: good morning
[2024-11-30 16:29:49] [INFO] Retrieved cached translation for: good evening
[2024-11-30 16:29:50] [INFO] Database connection established successfully
[2024-11-30 16:29:50] [INFO] Database connection established successfully
[2024-11-30 16:29:50] [INFO] Retrieved existing word of the day: please
[2024-11-30 16:29:51] [INFO] Database connection established successfully
[2024-11-30 16:29:51] [INFO] Database connection established successfully
[2024-11-30 16:29:51] [INFO] Retrieved cached translation for: tomorrow
[2024-11-30 16:29:51] [INFO] Retrieved cached translation for: yesterday
[2024-11-30 16:29:51] [INFO] Retrieved cached translation for: perhaps
[2024-11-30 16:29:51] [INFO] Retrieved cached translation for: always
[2024-11-30 16:29:51] [INFO] Retrieved cached translation for: never
[2024-11-30 16:29:51] [INFO] Retrieved cached translation for: sometimes
[2024-11-30 16:29:52] [INFO] Retrieved default course ID: 1
[2024-11-30 16:29:52] [ERROR] Cache translation failed: SQLSTATE[22001]: String data, right truncated: 1406 Data too long for column 'translation' at row 1
[2024-11-30 16:29:52] [INFO] Retrieved cached translation for: often
[2024-11-30 16:29:52] [INFO] Database connection established successfully
[2024-11-30 16:29:52] [INFO] Database connection established successfully
[2024-11-30 16:29:52] [INFO] Retrieved cached translation for: tomorrow
[2024-11-30 16:29:52] [INFO] Retrieved cached translation for: yesterday
[2024-11-30 16:29:52] [INFO] Retrieved cached translation for: perhaps
[2024-11-30 16:29:52] [INFO] Retrieved cached translation for: always
[2024-11-30 16:29:52] [INFO] Retrieved cached translation for: never
[2024-11-30 16:29:52] [INFO] Retrieved cached translation for: sometimes
[2024-11-30 16:29:53] [INFO] Retrieved default course ID: 1
[2024-11-30 16:29:53] [ERROR] Cache translation failed: SQLSTATE[22001]: String data, right truncated: 1406 Data too long for column 'translation' at row 1
[2024-11-30 16:29:53] [INFO] Retrieved cached translation for: often
[2024-11-30 16:29:53] [INFO] Database connection established successfully
[2024-11-30 16:29:53] [INFO] Database connection established successfully
[2024-11-30 16:29:53] [INFO] Retrieved cached translation for: tomorrow
[2024-11-30 16:29:53] [INFO] Retrieved cached translation for: yesterday
[2024-11-30 16:29:53] [INFO] Retrieved cached translation for: perhaps
[2024-11-30 16:29:53] [INFO] Retrieved cached translation for: always
[2024-11-30 16:29:53] [INFO] Retrieved cached translation for: never
[2024-11-30 16:29:53] [INFO] Retrieved cached translation for: sometimes
[2024-11-30 16:29:54] [INFO] Retrieved default course ID: 1
[2024-11-30 16:29:54] [ERROR] Cache translation failed: SQLSTATE[22001]: String data, right truncated: 1406 Data too long for column 'translation' at row 1
[2024-11-30 16:29:54] [INFO] Retrieved cached translation for: often
[2024-11-30 16:29:54] [INFO] Database connection established successfully
[2024-11-30 16:29:54] [INFO] Database connection established successfully
[2024-11-30 16:29:54] [INFO] Retrieved cached translation for: tomorrow
[2024-11-30 16:29:54] [INFO] Retrieved cached translation for: yesterday
[2024-11-30 16:29:54] [INFO] Retrieved cached translation for: perhaps
[2024-11-30 16:29:54] [INFO] Retrieved cached translation for: always
[2024-11-30 16:29:54] [INFO] Retrieved cached translation for: never
[2024-11-30 16:29:54] [INFO] Retrieved cached translation for: sometimes
[2024-11-30 16:29:55] [INFO] Retrieved default course ID: 1
[2024-11-30 16:29:55] [ERROR] Cache translation failed: SQLSTATE[22001]: String data, right truncated: 1406 Data too long for column 'translation' at row 1
[2024-11-30 16:29:55] [INFO] Retrieved cached translation for: often
[2024-11-30 16:29:55] [INFO] Database connection established successfully
[2024-11-30 16:29:55] [INFO] Database connection established successfully
[2024-11-30 16:29:55] [INFO] Retrieved cached translation for: tomorrow
[2024-11-30 16:29:55] [INFO] Retrieved cached translation for: yesterday
[2024-11-30 16:29:55] [INFO] Retrieved cached translation for: perhaps
[2024-11-30 16:29:55] [INFO] Retrieved cached translation for: always
[2024-11-30 16:29:55] [INFO] Retrieved cached translation for: never
[2024-11-30 16:29:55] [INFO] Retrieved cached translation for: sometimes
[2024-11-30 16:29:56] [INFO] Retrieved default course ID: 1
[2024-11-30 16:29:56] [ERROR] Cache translation failed: SQLSTATE[22001]: String data, right truncated: 1406 Data too long for column 'translation' at row 1
[2024-11-30 16:29:56] [INFO] Retrieved cached translation for: often
[2024-11-30 16:29:56] [INFO] Database connection established successfully
[2024-11-30 16:29:56] [INFO] Database connection established successfully
[2024-11-30 16:29:56] [INFO] Retrieved cached translation for: tomorrow
[2024-11-30 16:29:56] [INFO] Retrieved cached translation for: yesterday
[2024-11-30 16:29:56] [INFO] Retrieved cached translation for: perhaps
[2024-11-30 16:29:56] [INFO] Retrieved cached translation for: always
[2024-11-30 16:29:56] [INFO] Retrieved cached translation for: never
[2024-11-30 16:29:56] [INFO] Retrieved cached translation for: sometimes
[2024-11-30 16:29:57] [INFO] Retrieved default course ID: 1
[2024-11-30 16:29:57] [ERROR] Cache translation failed: SQLSTATE[22001]: String data, right truncated: 1406 Data too long for column 'translation' at row 1
[2024-11-30 16:29:57] [INFO] Retrieved cached translation for: often
[2024-11-30 16:29:57] [INFO] Database connection established successfully
[2024-11-30 16:29:57] [INFO] Database connection established successfully
[2024-11-30 16:29:57] [INFO] Retrieved cached translation for: tomorrow
[2024-11-30 16:29:57] [INFO] Retrieved cached translation for: yesterday
[2024-11-30 16:29:57] [INFO] Retrieved cached translation for: perhaps
[2024-11-30 16:29:57] [INFO] Retrieved cached translation for: always
[2024-11-30 16:29:57] [INFO] Retrieved cached translation for: never
[2024-11-30 16:29:57] [INFO] Retrieved cached translation for: sometimes
[2024-11-30 16:29:58] [INFO] Retrieved default course ID: 1
[2024-11-30 16:29:58] [ERROR] Cache translation failed: SQLSTATE[22001]: String data, right truncated: 1406 Data too long for column 'translation' at row 1
[2024-11-30 16:29:58] [INFO] Retrieved cached translation for: often
[2024-11-30 16:29:58] [INFO] Database connection established successfully
[2024-11-30 16:29:58] [INFO] Database connection established successfully
[2024-11-30 16:29:58] [INFO] Retrieved cached translation for: hello
[2024-11-30 16:29:58] [INFO] Retrieved cached translation for: thank you
[2024-11-30 16:29:58] [INFO] Retrieved cached translation for: please
[2024-11-30 16:29:58] [INFO] Retrieved cached translation for: goodbye
[2024-11-30 16:29:58] [INFO] Retrieved cached translation for: yes
[2024-11-30 16:29:58] [INFO] Retrieved cached translation for: no
[2024-11-30 16:29:58] [INFO] Retrieved cached translation for: good morning
[2024-11-30 16:29:58] [INFO] Retrieved cached translation for: good evening
[2024-11-30 16:29:59] [INFO] Database connection established successfully
[2024-11-30 16:29:59] [INFO] Database connection established successfully
[2024-11-30 16:29:59] [INFO] Retrieved existing word of the day: please
[2024-11-30 16:30:00] [INFO] Database connection established successfully
[2024-11-30 16:30:00] [INFO] Database connection established successfully
[2024-11-30 16:30:00] [INFO] Retrieved cached translation for: tomorrow
[2024-11-30 16:30:00] [INFO] Retrieved cached translation for: yesterday
[2024-11-30 16:30:00] [INFO] Retrieved cached translation for: perhaps
[2024-11-30 16:30:00] [INFO] Retrieved cached translation for: always
[2024-11-30 16:30:00] [INFO] Retrieved cached translation for: never
[2024-11-30 16:30:00] [INFO] Retrieved cached translation for: sometimes
[2024-11-30 16:30:01] [INFO] Retrieved default course ID: 1
[2024-11-30 16:30:01] [ERROR] Cache translation failed: SQLSTATE[22001]: String data, right truncated: 1406 Data too long for column 'translation' at row 1
[2024-11-30 16:30:01] [INFO] Retrieved cached translation for: often
[2024-11-30 16:30:03] [INFO] Database connection established successfully
[2024-11-30 16:30:03] [INFO] Database connection established successfully
[2024-11-30 16:30:03] [INFO] Retrieved existing word of the day: please
[2024-11-30 16:30:04] [INFO] Database connection established successfully
[2024-11-30 16:30:04] [INFO] Database connection established successfully
[2024-11-30 16:30:04] [INFO] Retrieved cached translation for: hello
[2024-11-30 16:30:04] [INFO] Retrieved cached translation for: thank you
[2024-11-30 16:30:04] [INFO] Retrieved cached translation for: please
[2024-11-30 16:30:04] [INFO] Retrieved cached translation for: goodbye
[2024-11-30 16:30:04] [INFO] Retrieved cached translation for: yes
[2024-11-30 16:30:04] [INFO] Retrieved cached translation for: no
[2024-11-30 16:30:04] [INFO] Retrieved cached translation for: good morning
[2024-11-30 16:30:04] [INFO] Retrieved cached translation for: good evening
[2024-11-30 16:30:05] [INFO] Database connection established successfully
[2024-11-30 16:30:05] [INFO] Database connection established successfully
[2024-11-30 16:30:05] [INFO] Retrieved existing word of the day: please
[2024-11-30 16:30:06] [INFO] Database connection established successfully
[2024-11-30 16:30:06] [INFO] Database connection established successfully
[2024-11-30 16:30:06] [INFO] Retrieved cached translation for: tomorrow
[2024-11-30 16:30:06] [INFO] Retrieved cached translation for: yesterday
[2024-11-30 16:30:06] [INFO] Retrieved cached translation for: perhaps
[2024-11-30 16:30:06] [INFO] Retrieved cached translation for: always
[2024-11-30 16:30:06] [INFO] Retrieved cached translation for: never
[2024-11-30 16:30:06] [INFO] Retrieved cached translation for: sometimes
[2024-11-30 16:30:06] [INFO] Retrieved default course ID: 1
[2024-11-30 16:30:06] [ERROR] Cache translation failed: SQLSTATE[22001]: String data, right truncated: 1406 Data too long for column 'translation' at row 1
[2024-11-30 16:30:06] [INFO] Retrieved cached translation for: often
[2024-11-30 16:30:57] [INFO] Database connection established successfully
[2024-11-30 16:30:57] [INFO] Database connection established successfully
[2024-11-30 16:30:57] [INFO] Retrieved existing word of the day: please
[2024-11-30 16:30:58] [INFO] Database connection established successfully
[2024-11-30 16:30:58] [INFO] Database connection established successfully
[2024-11-30 16:30:58] [INFO] Retrieved cached translation for: tomorrow
[2024-11-30 16:30:58] [INFO] Retrieved cached translation for: yesterday
[2024-11-30 16:30:58] [INFO] Retrieved cached translation for: perhaps
[2024-11-30 16:30:58] [INFO] Retrieved cached translation for: always
[2024-11-30 16:30:58] [INFO] Retrieved cached translation for: never
[2024-11-30 16:30:58] [INFO] Retrieved cached translation for: sometimes
[2024-11-30 16:30:59] [INFO] Retrieved default course ID: 1
[2024-11-30 16:30:59] [ERROR] Cache translation failed: SQLSTATE[22001]: String data, right truncated: 1406 Data too long for column 'translation' at row 1
[2024-11-30 16:30:59] [INFO] Retrieved cached translation for: often
[2024-11-30 16:31:00] [INFO] Database connection established successfully
[2024-11-30 16:31:00] [INFO] Database connection established successfully
[2024-11-30 16:31:00] [INFO] Retrieved existing word of the day: please
[2024-11-30 16:31:01] [INFO] Database connection established successfully
[2024-11-30 16:31:01] [INFO] Database connection established successfully
[2024-11-30 16:31:01] [INFO] Retrieved cached translation for: hello
[2024-11-30 16:31:01] [INFO] Retrieved cached translation for: thank you
[2024-11-30 16:31:01] [INFO] Retrieved cached translation for: please
[2024-11-30 16:31:01] [INFO] Retrieved cached translation for: goodbye
[2024-11-30 16:31:01] [INFO] Retrieved cached translation for: yes
[2024-11-30 16:31:01] [INFO] Retrieved cached translation for: no
[2024-11-30 16:31:01] [INFO] Retrieved cached translation for: good morning
[2024-11-30 16:31:01] [INFO] Retrieved cached translation for: good evening
[2024-11-30 16:31:02] [INFO] Database connection established successfully
[2024-11-30 16:31:02] [INFO] Database connection established successfully
[2024-11-30 16:31:02] [INFO] Retrieved existing word of the day: please
[2024-11-30 16:31:03] [INFO] Database connection established successfully
[2024-11-30 16:31:03] [INFO] Database connection established successfully
[2024-11-30 16:31:03] [INFO] Retrieved cached translation for: tomorrow
[2024-11-30 16:31:03] [INFO] Retrieved cached translation for: yesterday
[2024-11-30 16:31:03] [INFO] Retrieved cached translation for: perhaps
[2024-11-30 16:31:03] [INFO] Retrieved cached translation for: always
[2024-11-30 16:31:03] [INFO] Retrieved cached translation for: never
[2024-11-30 16:31:03] [INFO] Retrieved cached translation for: sometimes
[2024-11-30 16:31:04] [INFO] Retrieved default course ID: 1
[2024-11-30 16:31:04] [ERROR] Cache translation failed: SQLSTATE[22001]: String data, right truncated: 1406 Data too long for column 'translation' at row 1
[2024-11-30 16:31:04] [INFO] Retrieved cached translation for: often
[2024-11-30 16:31:09] [INFO] Database connection established successfully
[2024-11-30 16:31:09] [INFO] Database connection established successfully
[2024-11-30 16:31:09] [INFO] Retrieved existing word of the day: please
[2024-11-30 16:44:36] [INFO] Database connection established successfully
[2024-11-30 16:44:36] [INFO] Database connection established successfully
[2024-11-30 16:46:37] [INFO] Database connection established successfully
[2024-11-30 16:46:37] [INFO] Database connection established successfully
[2024-11-30 16:46:40] [INFO] Database connection established successfully
[2024-11-30 16:46:40] [INFO] Database connection established successfully
[2024-11-30 16:47:16] [INFO] Database connection established successfully
[2024-11-30 16:47:16] [INFO] Database connection established successfully
[2024-11-30 16:47:17] [INFO] Database connection established successfully
[2024-11-30 16:47:17] [INFO] Database connection established successfully
[2024-11-30 16:49:49] [INFO] Database connection established successfully
[2024-11-30 16:49:49] [INFO] Database connection established successfully
[2024-11-30 16:49:51] [INFO] Database connection established successfully
[2024-11-30 16:49:51] [INFO] Database connection established successfully
[2024-11-30 16:49:54] [INFO] Database connection established successfully
[2024-11-30 16:49:54] [INFO] Database connection established successfully
[2024-11-30 16:49:55] [INFO] Database connection established successfully
[2024-11-30 16:49:55] [INFO] Database connection established successfully
[2024-11-30 16:51:33] [INFO] Attempting to connect to database with DSN: mysql:host=localhost;dbname=litdb
[2024-11-30 16:51:33] [INFO] Database connection established successfully
[2024-11-30 16:51:33] [INFO] Attempting to connect to database with DSN: mysql:host=localhost;dbname=litdb
[2024-11-30 16:51:33] [INFO] Database connection established successfully
[2024-11-30 16:53:53] [INFO] Database connection established successfully
[2024-11-30 16:53:53] [INFO] Database connection established successfully
[2024-11-30 16:58:38] [INFO] Database connection established successfully
[2024-11-30 16:58:38] [INFO] Database connection established successfully
[2024-11-30 16:59:14] [INFO] Database connection established successfully
[2024-11-30 16:59:14] [INFO] Database connection established successfully
[2024-11-30 17:03:43] [INFO] Database connection established successfully
[2024-11-30 17:03:45] [INFO] Login attempt initiated
[2024-11-30 17:03:45] [INFO] Database connection established successfully
[2024-11-30 17:03:45] [INFO] Successful login for user: margenana@home.com
[2024-11-30 18:04:41] [INFO] Database connection established successfully
[2024-11-30 18:05:33] [INFO] Database connection established successfully
[2024-11-30 18:09:14] [INFO] Database connection established successfully
[2024-11-30 18:09:43] [INFO] Database connection established successfully
[2024-11-30 18:11:43] [INFO] Database connection established successfully
[2024-11-30 18:33:54] [INFO] Database connection established successfully
[2024-11-30 19:20:25] [INFO] Database connection established successfully
[2024-11-30 19:20:25] [INFO] Database connection established successfully
[2024-11-30 19:20:25] [INFO] Database connection established successfully
[2024-11-30 19:20:25] [INFO] Database connection established successfully
[2024-11-30 19:20:25] [INFO] Database connection established successfully
[2024-11-30 19:21:51] [INFO] Database connection established successfully
[2024-11-30 19:21:51] [INFO] Database connection established successfully
[2024-11-30 19:21:51] [INFO] Database connection established successfully
[2024-11-30 19:21:51] [INFO] Database connection established successfully
[2024-11-30 19:21:51] [INFO] Database connection established successfully
[2024-11-30 19:23:14] [INFO] Database connection established successfully
[2024-11-30 19:23:14] [INFO] Database connection established successfully
[2024-11-30 19:23:14] [INFO] Database connection established successfully
[2024-11-30 19:23:14] [INFO] Database connection established successfully
[2024-11-30 19:23:14] [INFO] Database connection established successfully
[2024-11-30 19:23:49] [INFO] Database connection established successfully
[2024-11-30 19:23:49] [INFO] Database connection established successfully
[2024-11-30 19:23:49] [INFO] Database connection established successfully
[2024-11-30 19:23:49] [INFO] Database connection established successfully
[2024-11-30 19:23:49] [INFO] Database connection established successfully
[2024-11-30 19:23:52] [INFO] Database connection established successfully
[2024-11-30 19:23:52] [INFO] Database connection established successfully
[2024-11-30 19:23:52] [INFO] Database connection established successfully
[2024-11-30 19:23:52] [INFO] Database connection established successfully
[2024-11-30 19:23:52] [INFO] Database connection established successfully
[2024-11-30 19:23:52] [INFO] Database connection established successfully
[2024-11-30 19:34:47] [INFO] Attempting to connect to database with DSN: mysql:host=localhost;dbname=litdb;charset=utf8mb4
[2024-11-30 19:34:47] [INFO] Database connection established successfully
[2024-11-30 19:35:32] [INFO] Attempting to connect to database with DSN: mysql:host=localhost;dbname=litdb;charset=utf8mb4
[2024-11-30 19:35:32] [INFO] Database connection established successfully
[2024-11-30 19:35:32] [INFO] Attempting to connect to database with DSN: mysql:host=localhost;dbname=litdb;charset=utf8mb4
[2024-11-30 19:35:32] [INFO] Database connection established successfully
[2024-11-30 19:35:32] [ERROR] Error getting user progress: SQLSTATE[42S02]: Base table or view not found: 1146 Table 'litdb.learned_words' doesn't exist
[2024-11-30 19:35:32] [ERROR] Error getting user progress: SQLSTATE[42S02]: Base table or view not found: 1146 Table 'litdb.learned_words' doesn't exist
[2024-11-30 19:35:32] [ERROR] Error getting user progress: SQLSTATE[42S02]: Base table or view not found: 1146 Table 'litdb.learned_words' doesn't exist
[2024-11-30 19:36:19] [INFO] Attempting to connect to database with DSN: mysql:host=localhost;dbname=litdb;charset=utf8mb4
[2024-11-30 19:36:19] [INFO] Database connection established successfully
[2024-11-30 19:36:19] [INFO] Attempting to connect to database with DSN: mysql:host=localhost;dbname=litdb;charset=utf8mb4
[2024-11-30 19:36:19] [INFO] Database connection established successfully
[2024-11-30 19:36:19] [ERROR] Error getting user progress: SQLSTATE[42S02]: Base table or view not found: 1146 Table 'litdb.learned_words' doesn't exist
[2024-11-30 19:36:19] [ERROR] Error getting user progress: SQLSTATE[42S02]: Base table or view not found: 1146 Table 'litdb.learned_words' doesn't exist
[2024-11-30 19:36:19] [ERROR] Error getting user progress: SQLSTATE[42S02]: Base table or view not found: 1146 Table 'litdb.learned_words' doesn't exist
[2024-11-30 19:59:59] [INFO] Login attempt initiated
[2024-11-30 19:59:59] [INFO] Successful login for user: margenana@home.com
[2024-11-30 20:04:23] [ERROR] Error getting user progress: SQLSTATE[42S02]: Base table or view not found: 1146 Table 'litdb.learned_words' doesn't exist
[2024-11-30 20:04:23] [ERROR] Error getting user progress: SQLSTATE[42S02]: Base table or view not found: 1146 Table 'litdb.learned_words' doesn't exist
[2024-11-30 20:04:23] [ERROR] Error getting user progress: SQLSTATE[42S02]: Base table or view not found: 1146 Table 'litdb.learned_words' doesn't exist
[2024-11-30 20:06:28] [ERROR] Error getting user progress: SQLSTATE[42S02]: Base table or view not found: 1146 Table 'litdb.learned_words' doesn't exist
[2024-11-30 20:06:28] [ERROR] Error getting user progress: SQLSTATE[42S02]: Base table or view not found: 1146 Table 'litdb.learned_words' doesn't exist
[2024-11-30 20:06:28] [ERROR] Error getting user progress: SQLSTATE[42S02]: Base table or view not found: 1146 Table 'litdb.learned_words' doesn't exist
[2024-11-30 20:06:32] [ERROR] Error getting user progress: SQLSTATE[42S02]: Base table or view not found: 1146 Table 'litdb.learned_words' doesn't exist
[2024-11-30 20:06:32] [ERROR] Error getting user progress: SQLSTATE[42S02]: Base table or view not found: 1146 Table 'litdb.learned_words' doesn't exist
[2024-11-30 20:06:32] [ERROR] Error getting user progress: SQLSTATE[42S02]: Base table or view not found: 1146 Table 'litdb.learned_words' doesn't exist
[2024-11-30 20:06:40] [ERROR] Error getting user progress: SQLSTATE[42S02]: Base table or view not found: 1146 Table 'litdb.learned_words' doesn't exist
[2024-11-30 20:06:40] [ERROR] Error getting user progress: SQLSTATE[42S02]: Base table or view not found: 1146 Table 'litdb.learned_words' doesn't exist
[2024-11-30 20:06:40] [ERROR] Error getting user progress: SQLSTATE[42S02]: Base table or view not found: 1146 Table 'litdb.learned_words' doesn't exist
[2024-11-30 20:06:58] [ERROR] Error getting user progress: SQLSTATE[42S02]: Base table or view not found: 1146 Table 'litdb.learned_words' doesn't exist
[2024-11-30 20:06:58] [ERROR] Error getting user progress: SQLSTATE[42S02]: Base table or view not found: 1146 Table 'litdb.learned_words' doesn't exist
[2024-11-30 20:06:58] [ERROR] Error getting user progress: SQLSTATE[42S02]: Base table or view not found: 1146 Table 'litdb.learned_words' doesn't exist
[2024-11-30 20:08:41] [ERROR] Error getting user progress: SQLSTATE[42S02]: Base table or view not found: 1146 Table 'litdb.learned_words' doesn't exist
[2024-11-30 20:08:41] [ERROR] Error getting user progress: SQLSTATE[42S02]: Base table or view not found: 1146 Table 'litdb.learned_words' doesn't exist
[2024-11-30 20:08:41] [ERROR] Error getting user progress: SQLSTATE[42S02]: Base table or view not found: 1146 Table 'litdb.learned_words' doesn't exist
[2024-11-30 20:09:45] [ERROR] Error getting user progress: SQLSTATE[42S02]: Base table or view not found: 1146 Table 'litdb.learned_words' doesn't exist
[2024-11-30 20:09:45] [ERROR] Error getting user progress: SQLSTATE[42S02]: Base table or view not found: 1146 Table 'litdb.learned_words' doesn't exist
[2024-11-30 20:09:45] [ERROR] Error getting user progress: SQLSTATE[42S02]: Base table or view not found: 1146 Table 'litdb.learned_words' doesn't exist
[2024-11-30 20:09:47] [ERROR] Error getting user progress: SQLSTATE[42S02]: Base table or view not found: 1146 Table 'litdb.learned_words' doesn't exist
[2024-11-30 20:09:47] [ERROR] Error getting user progress: SQLSTATE[42S02]: Base table or view not found: 1146 Table 'litdb.learned_words' doesn't exist
[2024-11-30 20:09:47] [ERROR] Error getting user progress: SQLSTATE[42S02]: Base table or view not found: 1146 Table 'litdb.learned_words' doesn't exist
[2024-11-30 20:09:55] [ERROR] Error getting user progress: SQLSTATE[42S02]: Base table or view not found: 1146 Table 'litdb.learned_words' doesn't exist
[2024-11-30 20:09:55] [ERROR] Error getting user progress: SQLSTATE[42S02]: Base table or view not found: 1146 Table 'litdb.learned_words' doesn't exist
[2024-11-30 20:09:55] [ERROR] Error getting user progress: SQLSTATE[42S02]: Base table or view not found: 1146 Table 'litdb.learned_words' doesn't exist
[2024-11-30 20:09:58] [ERROR] Error getting user progress: SQLSTATE[42S02]: Base table or view not found: 1146 Table 'litdb.learned_words' doesn't exist
[2024-11-30 20:09:58] [ERROR] Error getting user progress: SQLSTATE[42S02]: Base table or view not found: 1146 Table 'litdb.learned_words' doesn't exist
[2024-11-30 20:09:58] [ERROR] Error getting user progress: SQLSTATE[42S02]: Base table or view not found: 1146 Table 'litdb.learned_words' doesn't exist
[2024-11-30 20:20:18] [ERROR] API request failed: API error: 403
[2024-11-30 20:20:18] [ERROR] Translation error: Translation API request failed
[2024-11-30 20:20:18] [ERROR] Fallback translation lookup failed: SQLSTATE[42S22]: Column not found: 1054 Unknown column 'word' in 'where clause'
[2024-11-30 20:20:27] [ERROR] API request failed: API error: 403
[2024-11-30 20:20:27] [ERROR] Translation error: Translation API request failed
[2024-11-30 20:20:27] [ERROR] Fallback translation lookup failed: SQLSTATE[42S22]: Column not found: 1054 Unknown column 'word' in 'where clause'
[2024-11-30 20:20:33] [ERROR] API request failed: API error: 403
[2024-11-30 20:20:33] [ERROR] Translation error: Translation API request failed
[2024-11-30 20:20:33] [ERROR] Fallback translation lookup failed: SQLSTATE[42S22]: Column not found: 1054 Unknown column 'word' in 'where clause'
[2024-11-30 20:20:39] [ERROR] API request failed: API error: 403
[2024-11-30 20:20:39] [ERROR] Translation error: Translation API request failed
[2024-11-30 20:20:39] [ERROR] Fallback translation lookup failed: SQLSTATE[42S22]: Column not found: 1054 Unknown column 'word' in 'where clause'
[2024-11-30 20:20:47] [ERROR] API request failed: API error: 403
[2024-11-30 20:20:47] [ERROR] Translation error: Translation API request failed
[2024-11-30 20:20:47] [ERROR] Fallback translation lookup failed: SQLSTATE[42S22]: Column not found: 1054 Unknown column 'word' in 'where clause'
[2024-11-30 20:20:54] [ERROR] API request failed: API error: 403
[2024-11-30 20:20:54] [ERROR] Translation error: Translation API request failed
[2024-11-30 20:20:54] [ERROR] Fallback translation lookup failed: SQLSTATE[42S22]: Column not found: 1054 Unknown column 'word' in 'where clause'
[2024-11-30 20:21:00] [ERROR] API request failed: API error: 403
[2024-11-30 20:21:00] [ERROR] Translation error: Translation API request failed
[2024-11-30 20:21:00] [ERROR] Fallback translation lookup failed: SQLSTATE[42S22]: Column not found: 1054 Unknown column 'word' in 'where clause'
[2024-11-30 20:21:06] [ERROR] API request failed: API error: 403
[2024-11-30 20:21:06] [ERROR] Translation error: Translation API request failed
[2024-11-30 20:21:06] [ERROR] Fallback translation lookup failed: SQLSTATE[42S22]: Column not found: 1054 Unknown column 'word' in 'where clause'
[2024-11-30 20:21:12] [ERROR] API request failed: API error: 403
[2024-11-30 20:21:12] [ERROR] Translation error: Translation API request failed
[2024-11-30 20:21:12] [ERROR] Fallback translation lookup failed: SQLSTATE[42S22]: Column not found: 1054 Unknown column 'word' in 'where clause'
[2024-11-30 20:21:19] [ERROR] API request failed: API error: 403
[2024-11-30 20:21:19] [ERROR] Translation error: Translation API request failed
[2024-11-30 20:21:19] [ERROR] Fallback translation lookup failed: SQLSTATE[42S22]: Column not found: 1054 Unknown column 'word' in 'where clause'
[2024-11-30 20:21:24] [ERROR] API request failed: API error: 403
[2024-11-30 20:21:24] [ERROR] Translation error: Translation API request failed
[2024-11-30 20:21:24] [ERROR] Fallback translation lookup failed: SQLSTATE[42S22]: Column not found: 1054 Unknown column 'word' in 'where clause'
[2024-11-30 20:21:30] [ERROR] API request failed: API error: 403
[2024-11-30 20:21:30] [ERROR] Translation error: Translation API request failed
[2024-11-30 20:21:30] [ERROR] Fallback translation lookup failed: SQLSTATE[42S22]: Column not found: 1054 Unknown column 'word' in 'where clause'
[2024-11-30 20:21:36] [ERROR] API request failed: API error: 403
[2024-11-30 20:21:36] [ERROR] Translation error: Translation API request failed
[2024-11-30 20:21:36] [ERROR] Fallback translation lookup failed: SQLSTATE[42S22]: Column not found: 1054 Unknown column 'word' in 'where clause'
[2024-11-30 20:21:42] [ERROR] API request failed: API error: 403
[2024-11-30 20:21:42] [ERROR] Translation error: Translation API request failed
[2024-11-30 20:21:42] [ERROR] Fallback translation lookup failed: SQLSTATE[42S22]: Column not found: 1054 Unknown column 'word' in 'where clause'
[2024-11-30 20:21:49] [ERROR] API request failed: API error: 403
[2024-11-30 20:21:49] [ERROR] Translation error: Translation API request failed
[2024-11-30 20:21:49] [ERROR] Fallback translation lookup failed: SQLSTATE[42S22]: Column not found: 1054 Unknown column 'word' in 'where clause'
[2024-11-30 20:22:15] [ERROR] API request failed: API error: 401
[2024-11-30 20:22:15] [ERROR] API Error: Failed to get random word
[2024-11-30 20:22:22] [ERROR] API request failed: API error: 401
[2024-11-30 20:22:22] [ERROR] API Error: Failed to get random word
[2024-11-30 20:22:29] [ERROR] API request failed: API error: 401
[2024-11-30 20:22:29] [ERROR] API Error: Failed to get random word
[2024-11-30 20:22:35] [ERROR] API request failed: API error: 401
[2024-11-30 20:22:35] [ERROR] API Error: Failed to get random word
[2024-11-30 20:22:42] [ERROR] API request failed: API error: 401
[2024-11-30 20:22:42] [ERROR] API Error: Failed to get random word
[2024-11-30 20:22:48] [ERROR] API request failed: API error: 401
[2024-11-30 20:22:48] [ERROR] API Error: Failed to get random word
[2024-11-30 20:22:55] [ERROR] API request failed: API error: 401
[2024-11-30 20:22:55] [ERROR] API Error: Failed to get random word
[2024-11-30 20:23:01] [ERROR] API request failed: API error: 401
[2024-11-30 20:23:01] [ERROR] API Error: Failed to get random word
[2024-11-30 20:23:08] [ERROR] API request failed: API error: 401
[2024-11-30 20:23:08] [ERROR] API Error: Failed to get random word
[2024-11-30 20:23:14] [ERROR] API request failed: API error: 401
[2024-11-30 20:23:14] [ERROR] API Error: Failed to get random word
[2024-11-30 20:23:20] [ERROR] API request failed: API error: 401
[2024-11-30 20:23:20] [ERROR] API Error: Failed to get random word
[2024-11-30 20:23:27] [ERROR] API request failed: API error: 401
[2024-11-30 20:23:27] [ERROR] API Error: Failed to get random word
[2024-11-30 20:23:34] [ERROR] API request failed: API error: 401
[2024-11-30 20:23:34] [ERROR] API Error: Failed to get random word
[2024-11-30 20:24:26] [ERROR] API request failed: API error: 401
[2024-11-30 20:24:26] [ERROR] API Error: Failed to get random word
[2024-11-30 20:24:33] [ERROR] API request failed: API error: 401
[2024-11-30 20:24:33] [ERROR] API Error: Failed to get random word
[2024-11-30 20:24:39] [ERROR] API request failed: API error: 401
[2024-11-30 20:24:39] [ERROR] API Error: Failed to get random word
[2024-11-30 20:24:45] [ERROR] API request failed: API error: 401
[2024-11-30 20:24:45] [ERROR] API Error: Failed to get random word
[2024-11-30 20:24:51] [ERROR] API request failed: API error: 401
[2024-11-30 20:24:51] [ERROR] API Error: Failed to get random word
[2024-11-30 20:24:58] [ERROR] API request failed: API error: 401
[2024-11-30 20:24:58] [ERROR] API Error: Failed to get random word
[2024-11-30 20:25:04] [ERROR] API request failed: API error: 401
[2024-11-30 20:25:04] [ERROR] API Error: Failed to get random word
[2024-11-30 20:25:11] [ERROR] API request failed: API error: 401
[2024-11-30 20:25:11] [ERROR] API Error: Failed to get random word
[2024-11-30 20:25:18] [ERROR] API request failed: API error: 401
[2024-11-30 20:25:18] [ERROR] API Error: Failed to get random word
[2024-11-30 20:25:25] [ERROR] API request failed: API error: 401
[2024-11-30 20:25:25] [ERROR] API Error: Failed to get random word
[2024-11-30 20:25:31] [ERROR] API request failed: API error: 401
[2024-11-30 20:25:31] [ERROR] API Error: Failed to get random word
[2024-11-30 20:25:38] [ERROR] API request failed: API error: 401
[2024-11-30 20:25:38] [ERROR] API Error: Failed to get random word
[2024-11-30 20:25:44] [ERROR] API request failed: API error: 401
[2024-11-30 20:25:44] [ERROR] API Error: Failed to get random word
[2024-11-30 20:25:50] [ERROR] API request failed: API error: 401
[2024-11-30 20:25:50] [ERROR] API Error: Failed to get random word
[2024-11-30 20:25:58] [ERROR] API request failed: API error: 401
[2024-11-30 20:25:58] [ERROR] API Error: Failed to get random word
[2024-11-30 20:26:04] [ERROR] API request failed: API error: 401
[2024-11-30 20:26:04] [ERROR] API Error: Failed to get random word
[2024-11-30 20:26:11] [ERROR] API request failed: API error: 401
[2024-11-30 20:26:11] [ERROR] API Error: Failed to get random word
[2024-11-30 20:26:17] [ERROR] API request failed: API error: 401
[2024-11-30 20:26:17] [ERROR] API Error: Failed to get random word
[2024-11-30 20:26:24] [ERROR] API request failed: API error: 401
[2024-11-30 20:26:24] [ERROR] API Error: Failed to get random word
[2024-11-30 20:26:30] [ERROR] API request failed: API error: 401
[2024-11-30 20:26:30] [ERROR] API Error: Failed to get random word
[2024-11-30 20:26:40] [ERROR] API request failed: API error: 401
[2024-11-30 20:26:40] [ERROR] API Error: Failed to get random word
[2024-11-30 20:26:47] [ERROR] API request failed: API error: 401
[2024-11-30 20:26:47] [ERROR] API Error: Failed to get random word
[2024-11-30 20:26:54] [ERROR] API request failed: API error: 401
[2024-11-30 20:26:54] [ERROR] API Error: Failed to get random word
[2024-11-30 20:27:02] [ERROR] API request failed: API error: 401
[2024-11-30 20:27:02] [ERROR] API Error: Failed to get random word
[2024-11-30 20:27:09] [ERROR] API request failed: API error: 401
[2024-11-30 20:27:09] [ERROR] API Error: Failed to get random word
[2024-11-30 20:27:16] [ERROR] API request failed: API error: 401
[2024-11-30 20:27:16] [ERROR] API Error: Failed to get random word
[2024-11-30 20:27:25] [ERROR] API request failed: API error: 401
[2024-11-30 20:27:25] [ERROR] API Error: Failed to get random word
[2024-11-30 20:27:32] [ERROR] API request failed: API error: 401
[2024-11-30 20:27:32] [ERROR] API Error: Failed to get random word
[2024-11-30 20:27:38] [ERROR] API request failed: API error: 401
[2024-11-30 20:27:38] [ERROR] API Error: Failed to get random word
[2024-11-30 20:27:45] [ERROR] API request failed: API error: 401
[2024-11-30 20:27:45] [ERROR] API Error: Failed to get random word
[2024-11-30 20:27:51] [ERROR] API request failed: API error: 401
[2024-11-30 20:27:51] [ERROR] API Error: Failed to get random word
[2024-11-30 20:27:57] [ERROR] API request failed: API error: 401
[2024-11-30 20:27:57] [ERROR] API Error: Failed to get random word
[2024-11-30 20:28:04] [ERROR] API request failed: API error: 401
[2024-11-30 20:28:04] [ERROR] API Error: Failed to get random word
[2024-11-30 20:28:10] [ERROR] API request failed: API error: 401
[2024-11-30 20:28:10] [ERROR] API Error: Failed to get random word
[2024-11-30 20:30:26] [ERROR] API request failed: API error: 401
[2024-11-30 20:30:26] [ERROR] API Error: Failed to get random word
[2024-11-30 20:32:47] [ERROR] API request failed: API error: 401
[2024-11-30 20:32:47] [ERROR] API Error: Failed to get random word
[2024-11-30 20:38:48] [ERROR] API request failed: API error: 401
[2024-11-30 20:38:48] [ERROR] API Error: Failed to get random word
[2024-11-30 20:47:14] [ERROR] API request failed: Request failed
[2024-11-30 20:47:14] [ERROR] API Error: Failed to get random word
[2024-11-30 20:53:34] [ERROR] API request failed: API error: 401
[2024-11-30 20:53:34] [ERROR] API Error: Failed to get random word
[2024-11-30 20:55:53] [ERROR] API request failed: API error: 401
[2024-11-30 20:55:53] [ERROR] API Error: Failed to get random word
[2024-11-30 20:56:11] [ERROR] API request failed: Request failed
[2024-11-30 20:56:11] [ERROR] API Error: Failed to get random word
[2024-11-30 20:56:25] [ERROR] API request failed: API error: 401
[2024-11-30 20:56:25] [ERROR] API Error: Failed to get random word
[2024-11-30 20:56:45] [ERROR] API request failed: API error: 401
[2024-11-30 20:56:45] [ERROR] API Error: Failed to get random word
[2024-11-30 20:58:20] [ERROR] API request failed: API error: 401
[2024-11-30 20:58:20] [ERROR] API Error: Failed to get random word
[2024-11-30 20:59:31] [ERROR] API request failed: Request failed
[2024-11-30 20:59:31] [ERROR] API Error: Failed to get random word
[2024-11-30 20:59:34] [ERROR] API request failed: Request failed
[2024-11-30 20:59:34] [ERROR] API Error: Failed to get random word
[2024-11-30 20:59:37] [ERROR] API request failed: Request failed
[2024-11-30 20:59:37] [ERROR] API Error: Failed to get random word
[2024-11-30 20:59:40] [ERROR] API request failed: Request failed
[2024-11-30 20:59:40] [ERROR] API Error: Failed to get random word
[2024-11-30 21:09:09] [ERROR] API request failed: Request failed
[2024-11-30 21:09:09] [ERROR] API Error: Failed to get random word
[2024-11-30 21:09:12] [ERROR] API request failed: Request failed
[2024-11-30 21:09:12] [ERROR] API Error: Failed to get random word
[2024-11-30 21:10:00] [ERROR] API request failed: Request failed
[2024-11-30 21:10:00] [ERROR] API Error: Failed to get random word
[2024-11-30 21:10:03] [ERROR] API request failed: Request failed
[2024-11-30 21:10:03] [ERROR] API Error: Failed to get random word
[2024-11-30 21:10:06] [ERROR] API request failed: Request failed
[2024-11-30 21:10:06] [ERROR] API Error: Failed to get random word
[2024-11-30 21:11:00] [ERROR] API request failed: Request failed
[2024-11-30 21:11:00] [ERROR] API Error: Failed to get random word
[2024-11-30 21:11:03] [ERROR] API request failed: Request failed
[2024-11-30 21:11:03] [ERROR] API Error: Failed to get random word
[2024-11-30 21:12:00] [ERROR] API request failed: Request failed
[2024-11-30 21:12:00] [ERROR] API Error: Failed to get random word
[2024-11-30 21:12:03] [ERROR] API request failed: Request failed
[2024-11-30 21:12:03] [ERROR] API Error: Failed to get random word
[2024-11-30 21:12:06] [ERROR] API request failed: Request failed
[2024-11-30 21:12:06] [ERROR] API Error: Failed to get random word
[2024-11-30 21:28:38] [ERROR] API request failed: API error: 401
[2024-11-30 21:28:38] [ERROR] API Error: Failed to get random word
[2024-11-30 21:28:44] [ERROR] API request failed: API error: 401
[2024-11-30 21:28:44] [ERROR] API Error: Failed to get random word
[2024-11-30 21:28:51] [ERROR] API request failed: API error: 401
[2024-11-30 21:28:51] [ERROR] API Error: Failed to get random word
[2024-11-30 21:28:57] [ERROR] API request failed: API error: 401
[2024-11-30 21:28:57] [ERROR] API Error: Failed to get random word
[2024-11-30 21:29:35] [ERROR] API request failed: API error: 401
[2024-11-30 21:29:35] [ERROR] API Error: Failed to get random word
[2024-11-30 21:35:06] [ERROR] API request failed: API error: 401
[2024-11-30 21:35:06] [ERROR] API Error: Failed to get random word
[2024-11-30 21:35:20] [ERROR] API request failed: API error: 401
[2024-11-30 21:35:20] [ERROR] API Error: Failed to get random word
[2024-11-30 21:35:35] [ERROR] API request failed: API error: 401
[2024-11-30 21:35:35] [ERROR] API Error: Failed to get random word
[2024-11-30 21:35:53] [ERROR] API request failed: Request failed
[2024-11-30 21:35:53] [ERROR] API Error: Failed to get random word
[2024-11-30 21:36:36] [ERROR] API request failed: API error: 401
[2024-11-30 21:36:36] [ERROR] API Error: Failed to get random word
[2024-11-30 21:36:48] [ERROR] API request failed: API error: 401
[2024-11-30 21:36:48] [ERROR] API Error: Failed to get random word
[2024-11-30 21:37:36] [ERROR] API request failed: API error: 401
[2024-11-30 21:37:36] [ERROR] API Error: Failed to get random word
[2024-11-30 21:37:45] [ERROR] API request failed: API error: 401
[2024-11-30 21:37:45] [ERROR] API Error: Failed to get random word
[2024-11-30 21:37:54] [ERROR] API request failed: API error: 401
[2024-11-30 21:37:54] [ERROR] API Error: Failed to get random word
[2024-11-30 21:38:02] [ERROR] API request failed: API error: 401
[2024-11-30 21:38:02] [ERROR] API Error: Failed to get random word
[2024-11-30 21:38:11] [ERROR] API request failed: API error: 401
[2024-11-30 21:38:11] [ERROR] API Error: Failed to get random word
[2024-11-30 21:38:57] [ERROR] API request failed: API error: 401
[2024-11-30 21:38:57] [ERROR] API Error: Failed to get random word
[2024-11-30 21:39:13] [ERROR] API request failed: API error: 401
[2024-11-30 21:39:13] [ERROR] API Error: Failed to get random word
[2024-11-30 21:45:44] [ERROR] API request failed: API error: 401
[2024-11-30 21:45:44] [ERROR] API Error: Failed to get random word
[2024-11-30 21:46:47] [ERROR] API request failed: API error: 401
[2024-11-30 21:46:47] [ERROR] API Error: Failed to get random word
[2024-11-30 21:47:05] [ERROR] API request failed: API error: 401
[2024-11-30 21:47:05] [ERROR] API Error: Failed to get random word
[2024-11-30 21:51:19] [ERROR] API request failed: API error: 401
[2024-11-30 21:51:19] [ERROR] API Error: Failed to get random word
[2024-11-30 21:51:31] [ERROR] API request failed: API error: 401
[2024-11-30 21:51:31] [ERROR] API Error: Failed to get random word
[2024-11-30 21:51:39] [ERROR] API request failed: API error: 401
[2024-11-30 21:51:39] [ERROR] API Error: Failed to get random word
[2024-11-30 21:51:48] [ERROR] API request failed: API error: 401
[2024-11-30 21:51:48] [ERROR] API Error: Failed to get random word
[2024-11-30 21:52:01] [ERROR] API request failed: API error: 401
[2024-11-30 21:52:01] [ERROR] API Error: Failed to get random word
[2024-11-30 21:52:57] [ERROR] API request failed: API error: 401
[2024-11-30 21:52:57] [ERROR] API Error: Failed to get random word
[2024-11-30 21:53:07] [ERROR] API request failed: API error: 401
[2024-11-30 21:53:07] [ERROR] API Error: Failed to get random word
[2024-11-30 21:53:13] [ERROR] API request failed: API error: 401
[2024-11-30 21:53:13] [ERROR] API Error: Failed to get random word
[2024-11-30 21:54:30] [ERROR] API request failed: API error: 401
[2024-11-30 21:54:30] [ERROR] API Error: Failed to get random word
[2024-11-30 21:54:44] [ERROR] API request failed: API error: 401
[2024-11-30 21:54:44] [ERROR] API Error: Failed to get random word
[2024-11-30 21:55:55] [ERROR] API request failed: API error: 401
[2024-11-30 21:55:55] [ERROR] API Error: Failed to get random word
[2024-11-30 21:56:53] [ERROR] API request failed: API error: 401
[2024-11-30 21:56:53] [ERROR] API Error: Failed to get random word
[2024-11-30 21:56:59] [ERROR] API request failed: API error: 401
[2024-11-30 21:56:59] [ERROR] API Error: Failed to get random word
[2024-11-30 21:57:07] [ERROR] API request failed: API error: 401
[2024-11-30 21:57:07] [ERROR] API Error: Failed to get random word
[2024-11-30 21:57:13] [ERROR] API request failed: API error: 401
[2024-11-30 21:57:13] [ERROR] API Error: Failed to get random word
[2024-11-30 21:57:19] [ERROR] API request failed: API error: 401
[2024-11-30 21:57:19] [ERROR] API Error: Failed to get random word
[2024-11-30 21:57:26] [ERROR] API request failed: API error: 401
[2024-11-30 21:57:26] [ERROR] API Error: Failed to get random word
[2024-11-30 21:57:32] [ERROR] API request failed: API error: 401
[2024-11-30 21:57:32] [ERROR] API Error: Failed to get random word
[2024-11-30 21:59:06] [ERROR] API request failed: API error: 401
[2024-11-30 21:59:06] [ERROR] API Error: Failed to get random word
[2024-11-30 21:59:12] [ERROR] API request failed: API error: 401
[2024-11-30 21:59:12] [ERROR] API Error: Failed to get random word
[2024-11-30 21:59:37] [ERROR] API request failed: Request failed
[2024-11-30 21:59:37] [ERROR] API Error: Failed to get random word
[2024-11-30 21:59:40] [ERROR] API request failed: Request failed
[2024-11-30 21:59:40] [ERROR] API Error: Failed to get random word
[2024-11-30 21:59:50] [ERROR] API request failed: API error: 401
[2024-11-30 21:59:50] [ERROR] API Error: Failed to get random word
[2024-11-30 21:59:56] [ERROR] API request failed: API error: 401
[2024-11-30 21:59:56] [ERROR] API Error: Failed to get random word
[2024-11-30 22:00:03] [ERROR] API request failed: API error: 401
[2024-11-30 22:00:03] [ERROR] API Error: Failed to get random word
[2024-11-30 22:00:10] [ERROR] API request failed: API error: 401
[2024-11-30 22:00:10] [ERROR] API Error: Failed to get random word
[2024-11-30 22:02:42] [ERROR] API request failed: API error: 401
[2024-11-30 22:02:42] [ERROR] API Error: Failed to get random word
[2024-11-30 22:02:48] [ERROR] API request failed: API error: 401
[2024-11-30 22:02:48] [ERROR] API Error: Failed to get random word
[2024-11-30 22:03:04] [ERROR] API request failed: API error: 401
[2024-11-30 22:03:04] [ERROR] API Error: Failed to get random word
[2024-11-30 22:07:35] [ERROR] API request failed: API error: 401
[2024-11-30 22:07:35] [ERROR] API Error: Failed to get random word
[2024-11-30 22:08:15] [ERROR] API request failed: API error: 401
[2024-11-30 22:08:15] [ERROR] API Error: Failed to get random word
[2024-11-30 22:08:23] [ERROR] API request failed: API error: 401
[2024-11-30 22:08:23] [ERROR] API Error: Failed to get random word
[2024-11-30 22:08:30] [ERROR] API request failed: API error: 401
[2024-11-30 22:08:30] [ERROR] API Error: Failed to get random word
[2024-11-30 22:08:36] [ERROR] API request failed: API error: 401
[2024-11-30 22:08:36] [ERROR] API Error: Failed to get random word
[2024-11-30 22:08:42] [ERROR] API request failed: API error: 401
[2024-11-30 22:08:42] [ERROR] API Error: Failed to get random word
[2024-11-30 22:08:49] [ERROR] API request failed: API error: 401
[2024-11-30 22:08:49] [ERROR] API Error: Failed to get random word
[2024-11-30 22:08:55] [ERROR] API request failed: API error: 401
[2024-11-30 22:08:55] [ERROR] API Error: Failed to get random word
[2024-11-30 22:09:01] [ERROR] API request failed: API error: 401
[2024-11-30 22:09:01] [ERROR] API Error: Failed to get random word
[2024-11-30 22:09:08] [ERROR] API request failed: API error: 401
[2024-11-30 22:09:08] [ERROR] API Error: Failed to get random word
[2024-11-30 22:09:14] [ERROR] API request failed: API error: 401
[2024-11-30 22:09:14] [ERROR] API Error: Failed to get random word
[2024-11-30 22:09:20] [ERROR] API request failed: API error: 401
[2024-11-30 22:09:20] [ERROR] API Error: Failed to get random word
[2024-11-30 22:09:27] [ERROR] API request failed: API error: 401
[2024-11-30 22:09:27] [ERROR] API Error: Failed to get random word
[2024-11-30 22:09:34] [ERROR] API request failed: API error: 401
[2024-11-30 22:09:34] [ERROR] API Error: Failed to get random word
[2024-11-30 22:09:40] [ERROR] API request failed: API error: 401
[2024-11-30 22:09:40] [ERROR] API Error: Failed to get random word
[2024-11-30 22:09:46] [ERROR] API request failed: API error: 401
[2024-11-30 22:09:46] [ERROR] API Error: Failed to get random word
[2024-11-30 22:09:52] [ERROR] API request failed: API error: 401
[2024-11-30 22:09:52] [ERROR] API Error: Failed to get random word
[2024-11-30 22:09:59] [ERROR] API request failed: API error: 401
[2024-11-30 22:09:59] [ERROR] API Error: Failed to get random word
[2024-11-30 22:10:05] [ERROR] API request failed: API error: 401
[2024-11-30 22:10:05] [ERROR] API Error: Failed to get random word
[2024-11-30 22:10:11] [ERROR] API request failed: API error: 401
[2024-11-30 22:10:11] [ERROR] API Error: Failed to get random word
[2024-11-30 22:10:19] [ERROR] API request failed: API error: 401
[2024-11-30 22:10:19] [ERROR] API Error: Failed to get random word
[2024-11-30 22:10:25] [ERROR] API request failed: API error: 401
[2024-11-30 22:10:25] [ERROR] API Error: Failed to get random word
[2024-11-30 22:10:32] [ERROR] API request failed: API error: 401
[2024-11-30 22:10:32] [ERROR] API Error: Failed to get random word
[2024-11-30 22:10:39] [ERROR] API request failed: API error: 401
[2024-11-30 22:10:39] [ERROR] API Error: Failed to get random word
[2024-11-30 22:10:45] [ERROR] API request failed: API error: 401
[2024-11-30 22:10:45] [ERROR] API Error: Failed to get random word
[2024-11-30 22:10:51] [ERROR] API request failed: API error: 401
[2024-11-30 22:10:51] [ERROR] API Error: Failed to get random word
[2024-11-30 22:10:58] [ERROR] API request failed: API error: 401
[2024-11-30 22:10:58] [ERROR] API Error: Failed to get random word
[2024-11-30 22:11:04] [ERROR] API request failed: API error: 401
[2024-11-30 22:11:04] [ERROR] API Error: Failed to get random word
[2024-11-30 22:11:10] [ERROR] API request failed: API error: 401
[2024-11-30 22:11:10] [ERROR] API Error: Failed to get random word
[2024-11-30 22:11:17] [ERROR] API request failed: API error: 401
[2024-11-30 22:11:17] [ERROR] API Error: Failed to get random word
[2024-11-30 22:11:23] [ERROR] API request failed: API error: 401
[2024-11-30 22:11:23] [ERROR] API Error: Failed to get random word
[2024-11-30 22:11:30] [ERROR] API request failed: API error: 401
[2024-11-30 22:11:30] [ERROR] API Error: Failed to get random word
[2024-11-30 22:11:36] [ERROR] API request failed: API error: 401
[2024-11-30 22:11:36] [ERROR] API Error: Failed to get random word
[2024-11-30 22:11:42] [ERROR] API request failed: API error: 401
[2024-11-30 22:11:42] [ERROR] API Error: Failed to get random word
[2024-11-30 22:11:49] [ERROR] API request failed: API error: 401
[2024-11-30 22:11:49] [ERROR] API Error: Failed to get random word
[2024-11-30 22:11:55] [ERROR] API request failed: API error: 401
[2024-11-30 22:11:55] [ERROR] API Error: Failed to get random word
[2024-11-30 22:12:01] [ERROR] API request failed: API error: 401
[2024-11-30 22:12:01] [ERROR] API Error: Failed to get random word
[2024-11-30 22:12:07] [ERROR] API request failed: API error: 401
[2024-11-30 22:12:07] [ERROR] API Error: Failed to get random word
[2024-11-30 22:12:14] [ERROR] API request failed: API error: 401
[2024-11-30 22:12:14] [ERROR] API Error: Failed to get random word
[2024-11-30 22:12:22] [ERROR] API request failed: API error: 401
[2024-11-30 22:12:22] [ERROR] API Error: Failed to get random word
[2024-11-30 22:12:29] [ERROR] API request failed: API error: 401
[2024-11-30 22:12:29] [ERROR] API Error: Failed to get random word
[2024-11-30 22:12:35] [ERROR] API request failed: API error: 401
[2024-11-30 22:12:35] [ERROR] API Error: Failed to get random word
[2024-11-30 22:12:41] [ERROR] API request failed: API error: 401
[2024-11-30 22:12:41] [ERROR] API Error: Failed to get random word
[2024-11-30 22:12:47] [ERROR] API request failed: API error: 401
[2024-11-30 22:12:47] [ERROR] API Error: Failed to get random word
[2024-11-30 22:12:53] [ERROR] API request failed: API error: 401
[2024-11-30 22:12:53] [ERROR] API Error: Failed to get random word
[2024-11-30 22:13:00] [ERROR] API request failed: API error: 401
[2024-11-30 22:13:00] [ERROR] API Error: Failed to get random word
[2024-11-30 22:13:06] [ERROR] API request failed: API error: 401
[2024-11-30 22:13:06] [ERROR] API Error: Failed to get random word
[2024-11-30 22:13:12] [ERROR] API request failed: API error: 401
[2024-11-30 22:13:12] [ERROR] API Error: Failed to get random word
[2024-11-30 22:13:19] [ERROR] API request failed: API error: 401
[2024-11-30 22:13:19] [ERROR] API Error: Failed to get random word
[2024-11-30 22:13:26] [ERROR] API request failed: API error: 401
[2024-11-30 22:13:26] [ERROR] API Error: Failed to get random word
[2024-11-30 22:13:32] [ERROR] API request failed: API error: 401
[2024-11-30 22:13:32] [ERROR] API Error: Failed to get random word
[2024-11-30 22:13:39] [ERROR] API request failed: API error: 401
[2024-11-30 22:13:39] [ERROR] API Error: Failed to get random word
[2024-11-30 22:13:46] [ERROR] API request failed: API error: 401
[2024-11-30 22:13:46] [ERROR] API Error: Failed to get random word
[2024-11-30 22:13:54] [ERROR] API request failed: API error: 401
[2024-11-30 22:13:54] [ERROR] API Error: Failed to get random word
[2024-11-30 22:14:00] [ERROR] API request failed: API error: 401
[2024-11-30 22:14:00] [ERROR] API Error: Failed to get random word
[2024-11-30 22:14:07] [ERROR] API request failed: API error: 401
[2024-11-30 22:14:07] [ERROR] API Error: Failed to get random word
[2024-11-30 22:14:13] [ERROR] API request failed: API error: 401
[2024-11-30 22:14:13] [ERROR] API Error: Failed to get random word
[2024-11-30 22:14:19] [ERROR] API request failed: API error: 401
[2024-11-30 22:14:19] [ERROR] API Error: Failed to get random word
[2024-11-30 22:14:26] [ERROR] API request failed: API error: 401
[2024-11-30 22:14:26] [ERROR] API Error: Failed to get random word
[2024-11-30 22:14:32] [ERROR] API request failed: API error: 401
[2024-11-30 22:14:32] [ERROR] API Error: Failed to get random word
[2024-11-30 22:14:38] [ERROR] API request failed: API error: 401
[2024-11-30 22:14:38] [ERROR] API Error: Failed to get random word
[2024-11-30 22:14:45] [ERROR] API request failed: API error: 401
[2024-11-30 22:14:45] [ERROR] API Error: Failed to get random word
[2024-11-30 22:14:51] [ERROR] API request failed: API error: 401
[2024-11-30 22:14:51] [ERROR] API Error: Failed to get random word
[2024-11-30 22:14:57] [ERROR] API request failed: API error: 401
[2024-11-30 22:14:57] [ERROR] API Error: Failed to get random word
[2024-11-30 22:15:04] [ERROR] API request failed: API error: 401
[2024-11-30 22:15:04] [ERROR] API Error: Failed to get random word
[2024-11-30 22:15:10] [ERROR] API request failed: API error: 401
[2024-11-30 22:15:10] [ERROR] API Error: Failed to get random word
[2024-11-30 22:15:16] [ERROR] API request failed: API error: 401
[2024-11-30 22:15:16] [ERROR] API Error: Failed to get random word
[2024-11-30 22:15:24] [ERROR] API request failed: API error: 401
[2024-11-30 22:15:24] [ERROR] API Error: Failed to get random word
[2024-11-30 22:15:31] [ERROR] API request failed: API error: 401
[2024-11-30 22:15:31] [ERROR] API Error: Failed to get random word
[2024-11-30 22:15:37] [ERROR] API request failed: API error: 401
[2024-11-30 22:15:37] [ERROR] API Error: Failed to get random word
[2024-11-30 22:15:43] [ERROR] API request failed: API error: 401
[2024-11-30 22:15:43] [ERROR] API Error: Failed to get random word
[2024-11-30 22:15:49] [ERROR] API request failed: API error: 401
[2024-11-30 22:15:49] [ERROR] API Error: Failed to get random word
[2024-11-30 22:15:56] [ERROR] API request failed: API error: 401
[2024-11-30 22:15:56] [ERROR] API Error: Failed to get random word
[2024-11-30 22:16:02] [ERROR] API request failed: API error: 401
[2024-11-30 22:16:02] [ERROR] API Error: Failed to get random word
[2024-11-30 22:16:08] [ERROR] API request failed: API error: 401
[2024-11-30 22:16:08] [ERROR] API Error: Failed to get random word
[2024-11-30 22:16:15] [ERROR] API request failed: API error: 401
[2024-11-30 22:16:15] [ERROR] API Error: Failed to get random word
[2024-11-30 22:16:21] [ERROR] API request failed: API error: 401
[2024-11-30 22:16:21] [ERROR] API Error: Failed to get random word
[2024-11-30 22:16:27] [ERROR] API request failed: API error: 401
[2024-11-30 22:16:27] [ERROR] API Error: Failed to get random word
[2024-11-30 22:16:34] [ERROR] API request failed: API error: 401
[2024-11-30 22:16:34] [ERROR] API Error: Failed to get random word
[2024-11-30 22:16:40] [ERROR] API request failed: API error: 401
[2024-11-30 22:16:40] [ERROR] API Error: Failed to get random word
[2024-11-30 22:16:46] [ERROR] API request failed: API error: 401
[2024-11-30 22:16:46] [ERROR] API Error: Failed to get random word
[2024-11-30 22:16:52] [ERROR] API request failed: API error: 401
[2024-11-30 22:16:52] [ERROR] API Error: Failed to get random word
[2024-11-30 22:16:59] [ERROR] API request failed: API error: 401
[2024-11-30 22:16:59] [ERROR] API Error: Failed to get random word
[2024-11-30 22:17:05] [ERROR] API request failed: API error: 401
[2024-11-30 22:17:05] [ERROR] API Error: Failed to get random word
[2024-11-30 22:17:11] [ERROR] API request failed: API error: 401
[2024-11-30 22:17:11] [ERROR] API Error: Failed to get random word
[2024-11-30 22:17:17] [ERROR] API request failed: API error: 401
[2024-11-30 22:17:17] [ERROR] API Error: Failed to get random word
[2024-11-30 22:17:26] [ERROR] API request failed: API error: 401
[2024-11-30 22:17:26] [ERROR] API Error: Failed to get random word
[2024-11-30 22:17:32] [ERROR] API request failed: API error: 401
[2024-11-30 22:17:32] [ERROR] API Error: Failed to get random word
[2024-11-30 22:17:38] [ERROR] API request failed: API error: 401
[2024-11-30 22:17:38] [ERROR] API Error: Failed to get random word
[2024-11-30 22:17:45] [ERROR] API request failed: API error: 401
[2024-11-30 22:17:45] [ERROR] API Error: Failed to get random word
[2024-11-30 22:17:51] [ERROR] API request failed: API error: 401
[2024-11-30 22:17:51] [ERROR] API Error: Failed to get random word
[2024-11-30 22:17:57] [ERROR] API request failed: API error: 401
[2024-11-30 22:17:57] [ERROR] API Error: Failed to get random word
[2024-11-30 22:18:03] [ERROR] API request failed: API error: 401
[2024-11-30 22:18:03] [ERROR] API Error: Failed to get random word
[2024-11-30 22:18:10] [ERROR] API request failed: API error: 401
[2024-11-30 22:18:10] [ERROR] API Error: Failed to get random word
[2024-11-30 22:18:16] [ERROR] API request failed: API error: 401
[2024-11-30 22:18:16] [ERROR] API Error: Failed to get random word
[2024-11-30 22:18:24] [ERROR] API request failed: API error: 401
[2024-11-30 22:18:24] [ERROR] API Error: Failed to get random word
[2024-11-30 22:18:31] [ERROR] API request failed: API error: 401
[2024-11-30 22:18:31] [ERROR] API Error: Failed to get random word
[2024-11-30 22:18:38] [ERROR] API request failed: API error: 401
[2024-11-30 22:18:38] [ERROR] API Error: Failed to get random word
[2024-11-30 22:18:44] [ERROR] API request failed: API error: 401
[2024-11-30 22:18:44] [ERROR] API Error: Failed to get random word
[2024-11-30 22:18:50] [ERROR] API request failed: API error: 401
[2024-11-30 22:18:50] [ERROR] API Error: Failed to get random word
[2024-11-30 22:18:57] [ERROR] API request failed: API error: 401
[2024-11-30 22:18:57] [ERROR] API Error: Failed to get random word
[2024-11-30 22:19:03] [ERROR] API request failed: API error: 401
[2024-11-30 22:19:03] [ERROR] API Error: Failed to get random word
[2024-11-30 22:19:09] [ERROR] API request failed: API error: 401
[2024-11-30 22:19:09] [ERROR] API Error: Failed to get random word
[2024-11-30 22:19:15] [ERROR] API request failed: API error: 401
[2024-11-30 22:19:15] [ERROR] API Error: Failed to get random word
[2024-11-30 22:19:22] [ERROR] API request failed: API error: 401
[2024-11-30 22:19:22] [ERROR] API Error: Failed to get random word
[2024-11-30 22:19:28] [ERROR] API request failed: API error: 401
[2024-11-30 22:19:28] [ERROR] API Error: Failed to get random word
[2024-11-30 22:19:34] [ERROR] API request failed: API error: 401
[2024-11-30 22:19:34] [ERROR] API Error: Failed to get random word
[2024-11-30 22:19:41] [ERROR] API request failed: API error: 401
[2024-11-30 22:19:41] [ERROR] API Error: Failed to get random word
[2024-11-30 22:19:47] [ERROR] API request failed: API error: 401
[2024-11-30 22:19:47] [ERROR] API Error: Failed to get random word
[2024-11-30 22:19:53] [ERROR] API request failed: API error: 401
[2024-11-30 22:19:53] [ERROR] API Error: Failed to get random word
[2024-11-30 22:19:59] [ERROR] API request failed: API error: 401
[2024-11-30 22:19:59] [ERROR] API Error: Failed to get random word
[2024-11-30 22:20:06] [ERROR] API request failed: API error: 401
[2024-11-30 22:20:06] [ERROR] API Error: Failed to get random word
[2024-11-30 22:20:12] [ERROR] API request failed: API error: 401
[2024-11-30 22:20:12] [ERROR] API Error: Failed to get random word
[2024-11-30 22:20:18] [ERROR] API request failed: API error: 401
[2024-11-30 22:20:18] [ERROR] API Error: Failed to get random word
