[2024-12-06 12:19:38] [ERROR] API request failed: API error: 401
[2024-12-06 12:19:38] [ERROR] API Error: Failed to get random word
[2024-12-06 12:19:45] [ERROR] API request failed: API error: 401
[2024-12-06 12:19:45] [ERROR] API Error: Failed to get random word
[2024-12-06 12:19:51] [ERROR] API request failed: API error: 401
[2024-12-06 12:19:51] [ERROR] API Error: Failed to get random word
[2024-12-06 12:19:57] [ERROR] API request failed: API error: 401
[2024-12-06 12:19:57] [ERROR] API Error: Failed to get random word
[2024-12-06 12:20:04] [ERROR] API request failed: API error: 401
[2024-12-06 12:20:04] [ERROR] API Error: Failed to get random word
[2024-12-06 12:20:10] [ERROR] API request failed: API error: 401
[2024-12-06 12:20:10] [ERROR] API Error: Failed to get random word
[2024-12-06 12:20:17] [ERROR] API request failed: API error: 401
[2024-12-06 12:20:17] [ERROR] API Error: Failed to get random word
[2024-12-06 12:20:23] [ERROR] API request failed: API error: 401
[2024-12-06 12:20:23] [ERROR] API Error: Failed to get random word
[2024-12-06 12:20:30] [ERROR] API request failed: API error: 401
[2024-12-06 12:20:30] [ERROR] API Error: Failed to get random word
[2024-12-06 12:20:36] [ERROR] API request failed: API error: 401
[2024-12-06 12:20:36] [ERROR] API Error: Failed to get random word
[2024-12-06 12:21:46] [ERROR] API request failed: API error: 401
[2024-12-06 12:21:46] [ERROR] API Error: Failed to get random word
[2024-12-06 12:21:52] [ERROR] API request failed: API error: 401
[2024-12-06 12:21:52] [ERROR] API Error: Failed to get random word
[2024-12-06 12:21:58] [ERROR] API request failed: API error: 401
[2024-12-06 12:21:58] [ERROR] API Error: Failed to get random word
[2024-12-06 12:22:05] [ERROR] API request failed: API error: 401
[2024-12-06 12:22:05] [ERROR] API Error: Failed to get random word
[2024-12-06 12:22:12] [ERROR] API request failed: API error: 401
[2024-12-06 12:22:12] [ERROR] API Error: Failed to get random word
[2024-12-06 12:22:18] [ERROR] API request failed: API error: 401
[2024-12-06 12:22:18] [ERROR] API Error: Failed to get random word
[2024-12-06 12:22:25] [ERROR] API request failed: API error: 401
[2024-12-06 12:22:25] [ERROR] API Error: Failed to get random word
[2024-12-06 12:22:31] [ERROR] API request failed: API error: 401
[2024-12-06 12:22:31] [ERROR] API Error: Failed to get random word
[2024-12-06 12:22:37] [ERROR] API request failed: API error: 401
[2024-12-06 12:22:37] [ERROR] API Error: Failed to get random word
[2024-12-06 12:22:43] [ERROR] API request failed: API error: 401
[2024-12-06 12:22:43] [ERROR] API Error: Failed to get random word
[2024-12-06 12:22:49] [ERROR] API request failed: API error: 401
[2024-12-06 12:22:49] [ERROR] API Error: Failed to get random word
[2024-12-06 12:22:55] [ERROR] API request failed: API error: 401
[2024-12-06 12:22:55] [ERROR] API Error: Failed to get random word
[2024-12-06 12:23:01] [ERROR] API request failed: API error: 401
[2024-12-06 12:23:01] [ERROR] API Error: Failed to get random word
[2024-12-06 12:23:08] [ERROR] API request failed: API error: 401
[2024-12-06 12:23:08] [ERROR] API Error: Failed to get random word
[2024-12-06 12:23:14] [ERROR] API request failed: API error: 401
[2024-12-06 12:23:14] [ERROR] API Error: Failed to get random word
[2024-12-06 12:23:21] [ERROR] API request failed: API error: 401
[2024-12-06 12:23:21] [ERROR] API Error: Failed to get random word
[2024-12-06 12:23:27] [ERROR] API request failed: API error: 401
[2024-12-06 12:23:27] [ERROR] API Error: Failed to get random word
[2024-12-06 12:23:33] [ERROR] API request failed: API error: 401
[2024-12-06 12:23:33] [ERROR] API Error: Failed to get random word
[2024-12-06 12:23:39] [ERROR] API request failed: API error: 401
[2024-12-06 12:23:39] [ERROR] API Error: Failed to get random word
[2024-12-06 12:23:46] [ERROR] API request failed: API error: 401
[2024-12-06 12:23:46] [ERROR] API Error: Failed to get random word
[2024-12-06 12:23:52] [ERROR] API request failed: API error: 401
[2024-12-06 12:23:52] [ERROR] API Error: Failed to get random word
[2024-12-06 12:23:58] [ERROR] API request failed: API error: 401
[2024-12-06 12:23:58] [ERROR] API Error: Failed to get random word
[2024-12-06 12:24:05] [ERROR] API request failed: API error: 401
[2024-12-06 12:24:05] [ERROR] API Error: Failed to get random word
[2024-12-06 12:24:11] [ERROR] API request failed: API error: 401
[2024-12-06 12:24:11] [ERROR] API Error: Failed to get random word
[2024-12-06 12:24:17] [ERROR] API request failed: API error: 401
[2024-12-06 12:24:17] [ERROR] API Error: Failed to get random word
[2024-12-06 12:24:23] [ERROR] API request failed: API error: 401
[2024-12-06 12:24:23] [ERROR] API Error: Failed to get random word
[2024-12-06 12:24:30] [ERROR] API request failed: API error: 401
[2024-12-06 12:24:30] [ERROR] API Error: Failed to get random word
[2024-12-06 12:24:36] [ERROR] API request failed: API error: 401
[2024-12-06 12:24:36] [ERROR] API Error: Failed to get random word
[2024-12-06 12:24:43] [ERROR] API request failed: API error: 401
[2024-12-06 12:24:43] [ERROR] API Error: Failed to get random word
[2024-12-06 12:24:49] [ERROR] API request failed: API error: 401
[2024-12-06 12:24:49] [ERROR] API Error: Failed to get random word
[2024-12-06 12:24:55] [ERROR] API request failed: API error: 401
[2024-12-06 12:24:55] [ERROR] API Error: Failed to get random word
[2024-12-06 12:25:03] [ERROR] API request failed: API error: 401
[2024-12-06 12:25:03] [ERROR] API Error: Failed to get random word
[2024-12-06 12:25:09] [ERROR] API request failed: API error: 401
[2024-12-06 12:25:09] [ERROR] API Error: Failed to get random word
[2024-12-06 12:25:16] [ERROR] API request failed: API error: 401
[2024-12-06 12:25:16] [ERROR] API Error: Failed to get random word
[2024-12-06 12:25:22] [ERROR] API request failed: API error: 401
[2024-12-06 12:25:22] [ERROR] API Error: Failed to get random word
[2024-12-06 12:25:28] [ERROR] API request failed: API error: 401
[2024-12-06 12:25:28] [ERROR] API Error: Failed to get random word
[2024-12-06 12:25:35] [ERROR] API request failed: API error: 401
[2024-12-06 12:25:35] [ERROR] API Error: Failed to get random word
[2024-12-06 12:25:41] [ERROR] API request failed: API error: 401
[2024-12-06 12:25:41] [ERROR] API Error: Failed to get random word
[2024-12-06 12:25:48] [ERROR] API request failed: API error: 401
[2024-12-06 12:25:48] [ERROR] API Error: Failed to get random word
[2024-12-06 12:25:54] [ERROR] API request failed: API error: 401
[2024-12-06 12:25:54] [ERROR] API Error: Failed to get random word
[2024-12-06 12:26:00] [ERROR] API request failed: API error: 401
[2024-12-06 12:26:00] [ERROR] API Error: Failed to get random word
[2024-12-06 12:26:07] [ERROR] API request failed: API error: 401
[2024-12-06 12:26:07] [ERROR] API Error: Failed to get random word
[2024-12-06 12:26:14] [ERROR] API request failed: API error: 401
[2024-12-06 12:26:14] [ERROR] API Error: Failed to get random word
[2024-12-06 12:26:20] [ERROR] API request failed: API error: 401
[2024-12-06 12:26:20] [ERROR] API Error: Failed to get random word
[2024-12-06 12:26:27] [ERROR] API request failed: API error: 401
[2024-12-06 12:26:27] [ERROR] API Error: Failed to get random word
[2024-12-06 12:26:33] [ERROR] API request failed: API error: 401
[2024-12-06 12:26:33] [ERROR] API Error: Failed to get random word
[2024-12-06 12:26:39] [ERROR] API request failed: API error: 401
[2024-12-06 12:26:39] [ERROR] API Error: Failed to get random word
[2024-12-06 12:26:46] [ERROR] API request failed: API error: 401
[2024-12-06 12:26:46] [ERROR] API Error: Failed to get random word
[2024-12-06 12:26:52] [ERROR] API request failed: API error: 401
[2024-12-06 12:26:52] [ERROR] API Error: Failed to get random word
[2024-12-06 12:26:58] [ERROR] API request failed: API error: 401
[2024-12-06 12:26:58] [ERROR] API Error: Failed to get random word
[2024-12-06 12:27:04] [ERROR] API request failed: API error: 401
[2024-12-06 12:27:04] [ERROR] API Error: Failed to get random word
[2024-12-06 12:27:11] [ERROR] API request failed: API error: 401
[2024-12-06 12:27:11] [ERROR] API Error: Failed to get random word
[2024-12-06 12:27:17] [ERROR] API request failed: API error: 401
[2024-12-06 12:27:17] [ERROR] API Error: Failed to get random word
[2024-12-06 12:27:24] [ERROR] API request failed: API error: 401
[2024-12-06 12:27:24] [ERROR] API Error: Failed to get random word
[2024-12-06 12:27:30] [ERROR] API request failed: API error: 401
[2024-12-06 12:27:30] [ERROR] API Error: Failed to get random word
[2024-12-06 12:27:37] [ERROR] API request failed: API error: 401
[2024-12-06 12:27:37] [ERROR] API Error: Failed to get random word
[2024-12-06 12:27:43] [ERROR] API request failed: API error: 401
[2024-12-06 12:27:43] [ERROR] API Error: Failed to get random word
[2024-12-06 12:27:50] [ERROR] API request failed: API error: 401
[2024-12-06 12:27:50] [ERROR] API Error: Failed to get random word
[2024-12-06 12:27:57] [ERROR] API request failed: API error: 401
[2024-12-06 12:27:57] [ERROR] API Error: Failed to get random word
[2024-12-06 12:28:04] [ERROR] API request failed: API error: 401
[2024-12-06 12:28:04] [ERROR] API Error: Failed to get random word
[2024-12-06 12:28:10] [ERROR] API request failed: API error: 401
[2024-12-06 12:28:10] [ERROR] API Error: Failed to get random word
[2024-12-06 12:28:17] [ERROR] API request failed: API error: 401
[2024-12-06 12:28:17] [ERROR] API Error: Failed to get random word
[2024-12-06 12:28:23] [ERROR] API request failed: API error: 401
[2024-12-06 12:28:23] [ERROR] API Error: Failed to get random word
[2024-12-06 12:28:29] [ERROR] API request failed: API error: 401
[2024-12-06 12:28:29] [ERROR] API Error: Failed to get random word
[2024-12-06 12:28:37] [ERROR] API request failed: API error: 401
[2024-12-06 12:28:37] [ERROR] API Error: Failed to get random word
[2024-12-06 12:28:46] [ERROR] API request failed: API error: 401
[2024-12-06 12:28:46] [ERROR] API Error: Failed to get random word
[2024-12-06 12:28:52] [ERROR] API request failed: API error: 401
[2024-12-06 12:28:52] [ERROR] API Error: Failed to get random word
[2024-12-06 12:28:59] [ERROR] API request failed: API error: 401
[2024-12-06 12:28:59] [ERROR] API Error: Failed to get random word
[2024-12-06 12:29:05] [ERROR] API request failed: API error: 401
[2024-12-06 12:29:05] [ERROR] API Error: Failed to get random word
[2024-12-06 12:29:11] [ERROR] API request failed: API error: 401
[2024-12-06 12:29:11] [ERROR] API Error: Failed to get random word
[2024-12-06 12:29:18] [ERROR] API request failed: API error: 401
[2024-12-06 12:29:18] [ERROR] API Error: Failed to get random word
[2024-12-06 12:29:24] [ERROR] API request failed: API error: 401
[2024-12-06 12:29:24] [ERROR] API Error: Failed to get random word
[2024-12-06 12:29:30] [ERROR] API request failed: API error: 401
[2024-12-06 12:29:30] [ERROR] API Error: Failed to get random word
[2024-12-06 12:29:36] [ERROR] API request failed: API error: 401
[2024-12-06 12:29:36] [ERROR] API Error: Failed to get random word
[2024-12-06 12:29:42] [ERROR] API request failed: API error: 401
[2024-12-06 12:29:42] [ERROR] API Error: Failed to get random word
[2024-12-06 12:29:49] [ERROR] API request failed: API error: 401
[2024-12-06 12:29:49] [ERROR] API Error: Failed to get random word
[2024-12-06 12:29:55] [ERROR] API request failed: API error: 401
[2024-12-06 12:29:55] [ERROR] API Error: Failed to get random word
[2024-12-06 12:30:01] [ERROR] API request failed: API error: 401
[2024-12-06 12:30:01] [ERROR] API Error: Failed to get random word
[2024-12-06 12:30:08] [ERROR] API request failed: API error: 401
[2024-12-06 12:30:08] [ERROR] API Error: Failed to get random word
[2024-12-06 12:30:14] [ERROR] API request failed: API error: 401
[2024-12-06 12:30:14] [ERROR] API Error: Failed to get random word
[2024-12-06 12:30:20] [ERROR] API request failed: API error: 401
[2024-12-06 12:30:20] [ERROR] API Error: Failed to get random word
[2024-12-06 12:30:27] [ERROR] API request failed: API error: 401
[2024-12-06 12:30:27] [ERROR] API Error: Failed to get random word
[2024-12-06 12:30:33] [ERROR] API request failed: API error: 401
[2024-12-06 12:30:33] [ERROR] API Error: Failed to get random word
[2024-12-06 12:30:40] [ERROR] API request failed: API error: 401
[2024-12-06 12:30:40] [ERROR] API Error: Failed to get random word
[2024-12-06 12:30:46] [ERROR] API request failed: API error: 401
[2024-12-06 12:30:46] [ERROR] API Error: Failed to get random word
[2024-12-06 12:30:52] [ERROR] API request failed: API error: 401
[2024-12-06 12:30:52] [ERROR] API Error: Failed to get random word
[2024-12-06 12:30:59] [ERROR] API request failed: API error: 401
[2024-12-06 12:30:59] [ERROR] API Error: Failed to get random word
[2024-12-06 12:31:06] [ERROR] API request failed: API error: 401
[2024-12-06 12:31:06] [ERROR] API Error: Failed to get random word
[2024-12-06 12:31:13] [ERROR] API request failed: API error: 401
[2024-12-06 12:31:13] [ERROR] API Error: Failed to get random word
[2024-12-06 12:31:19] [ERROR] API request failed: API error: 401
[2024-12-06 12:31:19] [ERROR] API Error: Failed to get random word
[2024-12-06 12:31:26] [ERROR] API request failed: API error: 401
[2024-12-06 12:31:26] [ERROR] API Error: Failed to get random word
[2024-12-06 12:31:32] [ERROR] API request failed: API error: 401
[2024-12-06 12:31:32] [ERROR] API Error: Failed to get random word
[2024-12-06 12:31:39] [ERROR] API request failed: API error: 401
[2024-12-06 12:31:39] [ERROR] API Error: Failed to get random word
[2024-12-06 12:31:46] [ERROR] API request failed: API error: 401
[2024-12-06 12:31:46] [ERROR] API Error: Failed to get random word
[2024-12-06 12:31:52] [ERROR] API request failed: API error: 401
[2024-12-06 12:31:52] [ERROR] API Error: Failed to get random word
[2024-12-06 12:31:59] [ERROR] API request failed: API error: 401
[2024-12-06 12:31:59] [ERROR] API Error: Failed to get random word
[2024-12-06 12:32:06] [ERROR] API request failed: API error: 401
[2024-12-06 12:32:06] [ERROR] API Error: Failed to get random word
[2024-12-06 12:32:12] [ERROR] API request failed: API error: 401
[2024-12-06 12:32:12] [ERROR] API Error: Failed to get random word
[2024-12-06 12:32:19] [ERROR] API request failed: API error: 401
[2024-12-06 12:32:19] [ERROR] API Error: Failed to get random word
[2024-12-06 12:32:25] [ERROR] API request failed: API error: 401
[2024-12-06 12:32:25] [ERROR] API Error: Failed to get random word
[2024-12-06 12:32:31] [ERROR] API request failed: API error: 401
[2024-12-06 12:32:31] [ERROR] API Error: Failed to get random word
[2024-12-06 12:32:40] [ERROR] API request failed: API error: 401
[2024-12-06 12:32:40] [ERROR] API Error: Failed to get random word
[2024-12-06 12:32:48] [ERROR] API request failed: API error: 401
[2024-12-06 12:32:48] [ERROR] API Error: Failed to get random word
[2024-12-06 12:32:54] [ERROR] API request failed: API error: 401
[2024-12-06 12:32:54] [ERROR] API Error: Failed to get random word
[2024-12-06 12:33:00] [ERROR] API request failed: API error: 401
[2024-12-06 12:33:00] [ERROR] API Error: Failed to get random word
[2024-12-06 12:33:07] [ERROR] API request failed: API error: 401
[2024-12-06 12:33:07] [ERROR] API Error: Failed to get random word
[2024-12-06 12:33:14] [ERROR] API request failed: API error: 401
[2024-12-06 12:33:14] [ERROR] API Error: Failed to get random word
[2024-12-06 12:33:21] [ERROR] API request failed: API error: 401
[2024-12-06 12:33:21] [ERROR] API Error: Failed to get random word
[2024-12-06 12:33:27] [ERROR] API request failed: API error: 401
[2024-12-06 12:33:27] [ERROR] API Error: Failed to get random word
[2024-12-06 12:33:34] [ERROR] API request failed: API error: 401
[2024-12-06 12:33:34] [ERROR] API Error: Failed to get random word
[2024-12-06 12:33:40] [ERROR] API request failed: API error: 401
[2024-12-06 12:33:40] [ERROR] API Error: Failed to get random word
[2024-12-06 12:33:46] [ERROR] API request failed: API error: 401
[2024-12-06 12:33:46] [ERROR] API Error: Failed to get random word
[2024-12-06 12:33:53] [ERROR] API request failed: API error: 401
[2024-12-06 12:33:53] [ERROR] API Error: Failed to get random word
[2024-12-06 12:33:59] [ERROR] API request failed: API error: 401
[2024-12-06 12:33:59] [ERROR] API Error: Failed to get random word
[2024-12-06 12:34:05] [ERROR] API request failed: API error: 401
[2024-12-06 12:34:05] [ERROR] API Error: Failed to get random word
[2024-12-06 12:34:12] [ERROR] API request failed: API error: 401
[2024-12-06 12:34:12] [ERROR] API Error: Failed to get random word
[2024-12-06 12:34:19] [ERROR] API request failed: API error: 401
[2024-12-06 12:34:19] [ERROR] API Error: Failed to get random word
[2024-12-06 12:34:25] [ERROR] API request failed: API error: 401
[2024-12-06 12:34:25] [ERROR] API Error: Failed to get random word
[2024-12-06 12:34:31] [ERROR] API request failed: API error: 401
[2024-12-06 12:34:31] [ERROR] API Error: Failed to get random word
[2024-12-06 12:34:37] [ERROR] API request failed: API error: 401
[2024-12-06 12:34:37] [ERROR] API Error: Failed to get random word
[2024-12-06 12:34:43] [ERROR] API request failed: API error: 401
[2024-12-06 12:34:43] [ERROR] API Error: Failed to get random word
[2024-12-06 12:34:49] [ERROR] API request failed: API error: 401
[2024-12-06 12:34:49] [ERROR] API Error: Failed to get random word
[2024-12-06 12:34:55] [ERROR] API request failed: API error: 401
[2024-12-06 12:34:55] [ERROR] API Error: Failed to get random word
[2024-12-06 12:35:03] [ERROR] API request failed: API error: 401
[2024-12-06 12:35:03] [ERROR] API Error: Failed to get random word
[2024-12-06 12:35:09] [ERROR] API request failed: API error: 401
[2024-12-06 12:35:09] [ERROR] API Error: Failed to get random word
[2024-12-06 12:35:15] [ERROR] API request failed: API error: 401
[2024-12-06 12:35:15] [ERROR] API Error: Failed to get random word
[2024-12-06 12:35:21] [ERROR] API request failed: API error: 401
[2024-12-06 12:35:21] [ERROR] API Error: Failed to get random word
[2024-12-06 12:35:27] [ERROR] API request failed: API error: 401
[2024-12-06 12:35:27] [ERROR] API Error: Failed to get random word
[2024-12-06 12:35:33] [ERROR] API request failed: API error: 401
[2024-12-06 12:35:33] [ERROR] API Error: Failed to get random word
[2024-12-06 12:35:40] [ERROR] API request failed: API error: 401
[2024-12-06 12:35:40] [ERROR] API Error: Failed to get random word
[2024-12-06 12:35:48] [ERROR] API request failed: API error: 401
[2024-12-06 12:35:48] [ERROR] API Error: Failed to get random word
[2024-12-06 12:35:54] [ERROR] API request failed: API error: 401
[2024-12-06 12:35:54] [ERROR] API Error: Failed to get random word
[2024-12-06 12:36:01] [ERROR] API request failed: API error: 401
[2024-12-06 12:36:01] [ERROR] API Error: Failed to get random word
[2024-12-06 12:36:07] [ERROR] API request failed: API error: 401
[2024-12-06 12:36:07] [ERROR] API Error: Failed to get random word
[2024-12-06 12:36:14] [ERROR] API request failed: API error: 401
[2024-12-06 12:36:14] [ERROR] API Error: Failed to get random word
[2024-12-06 12:36:20] [ERROR] API request failed: API error: 401
[2024-12-06 12:36:20] [ERROR] API Error: Failed to get random word
[2024-12-06 12:36:26] [ERROR] API request failed: API error: 401
[2024-12-06 12:36:26] [ERROR] API Error: Failed to get random word
[2024-12-06 12:36:33] [ERROR] API request failed: API error: 401
[2024-12-06 12:36:33] [ERROR] API Error: Failed to get random word
[2024-12-06 12:36:39] [ERROR] API request failed: API error: 401
[2024-12-06 12:36:39] [ERROR] API Error: Failed to get random word
[2024-12-06 12:36:45] [ERROR] API request failed: API error: 401
[2024-12-06 12:36:45] [ERROR] API Error: Failed to get random word
[2024-12-06 12:36:52] [ERROR] API request failed: API error: 401
[2024-12-06 12:36:52] [ERROR] API Error: Failed to get random word
[2024-12-06 12:36:58] [ERROR] API request failed: API error: 401
[2024-12-06 12:36:58] [ERROR] API Error: Failed to get random word
[2024-12-06 12:37:04] [ERROR] API request failed: API error: 401
[2024-12-06 12:37:04] [ERROR] API Error: Failed to get random word
[2024-12-06 12:37:13] [ERROR] API request failed: API error: 401
[2024-12-06 12:37:13] [ERROR] API Error: Failed to get random word
[2024-12-06 12:37:19] [ERROR] API request failed: API error: 401
[2024-12-06 12:37:19] [ERROR] API Error: Failed to get random word
[2024-12-06 12:37:25] [ERROR] API request failed: API error: 401
[2024-12-06 12:37:25] [ERROR] API Error: Failed to get random word
[2024-12-06 12:37:32] [ERROR] API request failed: API error: 401
[2024-12-06 12:37:32] [ERROR] API Error: Failed to get random word
[2024-12-06 12:37:38] [ERROR] API request failed: API error: 401
[2024-12-06 12:37:38] [ERROR] API Error: Failed to get random word
[2024-12-06 12:37:44] [ERROR] API request failed: API error: 401
[2024-12-06 12:37:44] [ERROR] API Error: Failed to get random word
[2024-12-06 12:37:52] [ERROR] API request failed: API error: 401
[2024-12-06 12:37:52] [ERROR] API Error: Failed to get random word
[2024-12-06 12:37:58] [ERROR] API request failed: API error: 401
[2024-12-06 12:37:58] [ERROR] API Error: Failed to get random word
[2024-12-06 12:38:05] [ERROR] API request failed: API error: 401
[2024-12-06 12:38:05] [ERROR] API Error: Failed to get random word
[2024-12-06 12:38:12] [ERROR] API request failed: API error: 401
[2024-12-06 12:38:12] [ERROR] API Error: Failed to get random word
[2024-12-06 12:38:18] [ERROR] API request failed: API error: 401
[2024-12-06 12:38:18] [ERROR] API Error: Failed to get random word
[2024-12-06 12:38:25] [ERROR] API request failed: API error: 401
[2024-12-06 12:38:25] [ERROR] API Error: Failed to get random word
[2024-12-06 12:38:31] [ERROR] API request failed: API error: 401
[2024-12-06 12:38:31] [ERROR] API Error: Failed to get random word
[2024-12-06 12:38:38] [ERROR] API request failed: API error: 401
[2024-12-06 12:38:38] [ERROR] API Error: Failed to get random word
[2024-12-06 12:38:44] [ERROR] API request failed: API error: 401
[2024-12-06 12:38:44] [ERROR] API Error: Failed to get random word
[2024-12-06 12:38:51] [ERROR] API request failed: API error: 401
[2024-12-06 12:38:51] [ERROR] API Error: Failed to get random word
[2024-12-06 12:38:58] [ERROR] API request failed: API error: 401
[2024-12-06 12:38:58] [ERROR] API Error: Failed to get random word
[2024-12-06 12:39:05] [ERROR] API request failed: API error: 401
[2024-12-06 12:39:05] [ERROR] API Error: Failed to get random word
[2024-12-06 12:39:11] [ERROR] API request failed: API error: 401
[2024-12-06 12:39:11] [ERROR] API Error: Failed to get random word
[2024-12-06 12:39:18] [ERROR] API request failed: API error: 401
[2024-12-06 12:39:18] [ERROR] API Error: Failed to get random word
[2024-12-06 12:39:24] [ERROR] API request failed: API error: 401
[2024-12-06 12:39:24] [ERROR] API Error: Failed to get random word
[2024-12-06 12:39:31] [ERROR] API request failed: API error: 401
[2024-12-06 12:39:31] [ERROR] API Error: Failed to get random word
[2024-12-06 12:39:38] [ERROR] API request failed: API error: 401
[2024-12-06 12:39:38] [ERROR] API Error: Failed to get random word
[2024-12-06 12:39:44] [ERROR] API request failed: API error: 401
[2024-12-06 12:39:44] [ERROR] API Error: Failed to get random word
[2024-12-06 12:39:50] [ERROR] API request failed: API error: 401
[2024-12-06 12:39:50] [ERROR] API Error: Failed to get random word
[2024-12-06 12:39:56] [ERROR] API request failed: API error: 401
[2024-12-06 12:39:56] [ERROR] API Error: Failed to get random word
[2024-12-06 12:40:02] [ERROR] API request failed: API error: 401
[2024-12-06 12:40:02] [ERROR] API Error: Failed to get random word
[2024-12-06 12:40:08] [ERROR] API request failed: API error: 401
[2024-12-06 12:40:08] [ERROR] API Error: Failed to get random word
[2024-12-06 12:40:14] [ERROR] API request failed: API error: 401
[2024-12-06 12:40:14] [ERROR] API Error: Failed to get random word
[2024-12-06 12:40:22] [ERROR] API request failed: API error: 401
[2024-12-06 12:40:22] [ERROR] API Error: Failed to get random word
[2024-12-06 12:40:28] [ERROR] API request failed: API error: 401
[2024-12-06 12:40:28] [ERROR] API Error: Failed to get random word
[2024-12-06 12:40:34] [ERROR] API request failed: API error: 401
[2024-12-06 12:40:34] [ERROR] API Error: Failed to get random word
[2024-12-06 12:40:41] [ERROR] API request failed: API error: 401
[2024-12-06 12:40:41] [ERROR] API Error: Failed to get random word
[2024-12-06 12:40:47] [ERROR] API request failed: API error: 401
[2024-12-06 12:40:47] [ERROR] API Error: Failed to get random word
[2024-12-06 12:40:53] [ERROR] API request failed: API error: 401
[2024-12-06 12:40:53] [ERROR] API Error: Failed to get random word
[2024-12-06 12:41:02] [ERROR] API request failed: API error: 401
[2024-12-06 12:41:02] [ERROR] API Error: Failed to get random word
[2024-12-06 12:41:08] [ERROR] API request failed: API error: 401
[2024-12-06 12:41:08] [ERROR] API Error: Failed to get random word
[2024-12-06 12:41:14] [ERROR] API request failed: API error: 401
[2024-12-06 12:41:14] [ERROR] API Error: Failed to get random word
[2024-12-06 12:41:21] [ERROR] API request failed: API error: 401
[2024-12-06 12:41:21] [ERROR] API Error: Failed to get random word
[2024-12-06 12:41:28] [ERROR] API request failed: API error: 401
[2024-12-06 12:41:28] [ERROR] API Error: Failed to get random word
[2024-12-06 12:41:34] [ERROR] API request failed: API error: 401
[2024-12-06 12:41:34] [ERROR] API Error: Failed to get random word
[2024-12-06 12:41:41] [ERROR] API request failed: API error: 401
[2024-12-06 12:41:41] [ERROR] API Error: Failed to get random word
[2024-12-06 12:41:47] [ERROR] API request failed: API error: 401
[2024-12-06 12:41:47] [ERROR] API Error: Failed to get random word
[2024-12-06 12:41:54] [ERROR] API request failed: API error: 401
[2024-12-06 12:41:54] [ERROR] API Error: Failed to get random word
[2024-12-06 12:42:00] [ERROR] API request failed: API error: 401
[2024-12-06 12:42:00] [ERROR] API Error: Failed to get random word
[2024-12-06 12:42:06] [ERROR] API request failed: API error: 401
[2024-12-06 12:42:06] [ERROR] API Error: Failed to get random word
[2024-12-06 12:42:13] [ERROR] API request failed: API error: 401
[2024-12-06 12:42:13] [ERROR] API Error: Failed to get random word
[2024-12-06 12:42:20] [ERROR] API request failed: API error: 401
[2024-12-06 12:42:20] [ERROR] API Error: Failed to get random word
[2024-12-06 12:42:26] [ERROR] API request failed: API error: 401
[2024-12-06 12:42:26] [ERROR] API Error: Failed to get random word
[2024-12-06 12:42:32] [ERROR] API request failed: API error: 401
[2024-12-06 12:42:32] [ERROR] API Error: Failed to get random word
[2024-12-06 12:42:39] [ERROR] API request failed: API error: 401
[2024-12-06 12:42:39] [ERROR] API Error: Failed to get random word
[2024-12-06 12:42:45] [ERROR] API request failed: API error: 401
[2024-12-06 12:42:45] [ERROR] API Error: Failed to get random word
[2024-12-06 12:42:52] [ERROR] API request failed: API error: 401
[2024-12-06 12:42:52] [ERROR] API Error: Failed to get random word
[2024-12-06 12:42:58] [ERROR] API request failed: API error: 401
[2024-12-06 12:42:58] [ERROR] API Error: Failed to get random word
[2024-12-06 12:43:05] [ERROR] API request failed: API error: 401
[2024-12-06 12:43:05] [ERROR] API Error: Failed to get random word
[2024-12-06 12:43:12] [ERROR] API request failed: API error: 401
[2024-12-06 12:43:12] [ERROR] API Error: Failed to get random word
[2024-12-06 12:43:19] [ERROR] API request failed: API error: 401
[2024-12-06 12:43:19] [ERROR] API Error: Failed to get random word
[2024-12-06 12:43:25] [ERROR] API request failed: API error: 401
[2024-12-06 12:43:25] [ERROR] API Error: Failed to get random word
[2024-12-06 12:43:32] [ERROR] API request failed: API error: 401
[2024-12-06 12:43:32] [ERROR] API Error: Failed to get random word
[2024-12-06 12:43:40] [ERROR] API request failed: API error: 401
[2024-12-06 12:43:40] [ERROR] API Error: Failed to get random word
[2024-12-06 12:43:46] [ERROR] API request failed: API error: 401
[2024-12-06 12:43:46] [ERROR] API Error: Failed to get random word
[2024-12-06 12:43:54] [ERROR] API request failed: API error: 401
[2024-12-06 12:43:54] [ERROR] API Error: Failed to get random word
[2024-12-06 12:44:01] [ERROR] API request failed: API error: 401
[2024-12-06 12:44:01] [ERROR] API Error: Failed to get random word
[2024-12-06 12:44:07] [ERROR] API request failed: API error: 401
[2024-12-06 12:44:07] [ERROR] API Error: Failed to get random word
[2024-12-06 12:44:13] [ERROR] API request failed: API error: 401
[2024-12-06 12:44:13] [ERROR] API Error: Failed to get random word
[2024-12-06 12:44:20] [ERROR] API request failed: API error: 401
[2024-12-06 12:44:20] [ERROR] API Error: Failed to get random word
[2024-12-06 12:44:26] [ERROR] API request failed: API error: 401
[2024-12-06 12:44:26] [ERROR] API Error: Failed to get random word
[2024-12-06 12:44:33] [ERROR] API request failed: API error: 401
[2024-12-06 12:44:33] [ERROR] API Error: Failed to get random word
[2024-12-06 12:44:40] [ERROR] API request failed: API error: 401
[2024-12-06 12:44:40] [ERROR] API Error: Failed to get random word
[2024-12-06 12:56:16] [ERROR] Fallback translation lookup failed: SQLSTATE[42S22]: Column not found: 1054 Unknown column 'word' in 'where clause'
[2024-12-06 12:56:16] [INFO] Added word 1/100: world -> monde
[2024-12-06 12:56:17] [ERROR] Fallback translation lookup failed: SQLSTATE[42S22]: Column not found: 1054 Unknown column 'word' in 'where clause'
[2024-12-06 12:56:17] [INFO] Added word 2/100: world -> monde
[2024-12-06 12:56:19] [ERROR] Fallback translation lookup failed: SQLSTATE[42S22]: Column not found: 1054 Unknown column 'word' in 'where clause'
[2024-12-06 12:56:19] [INFO] Added word 3/100: world -> monde
[2024-12-06 12:56:20] [ERROR] Fallback translation lookup failed: SQLSTATE[42S22]: Column not found: 1054 Unknown column 'word' in 'where clause'
[2024-12-06 12:56:20] [INFO] Added word 4/100: world -> monde
[2024-12-06 12:56:22] [ERROR] Fallback translation lookup failed: SQLSTATE[42S22]: Column not found: 1054 Unknown column 'word' in 'where clause'
[2024-12-06 12:56:22] [INFO] Added word 5/100: world -> monde
[2024-12-06 12:56:24] [ERROR] Fallback translation lookup failed: SQLSTATE[42S22]: Column not found: 1054 Unknown column 'word' in 'where clause'
[2024-12-06 12:56:24] [INFO] Added word 6/100: world -> monde
[2024-12-06 12:56:25] [ERROR] Fallback translation lookup failed: SQLSTATE[42S22]: Column not found: 1054 Unknown column 'word' in 'where clause'
[2024-12-06 12:56:25] [INFO] Added word 7/100: world -> monde
[2024-12-06 12:56:27] [ERROR] Fallback translation lookup failed: SQLSTATE[42S22]: Column not found: 1054 Unknown column 'word' in 'where clause'
[2024-12-06 12:56:27] [INFO] Added word 8/100: world -> monde
[2024-12-06 12:56:29] [ERROR] Fallback translation lookup failed: SQLSTATE[42S22]: Column not found: 1054 Unknown column 'word' in 'where clause'
[2024-12-06 12:56:29] [INFO] Added word 9/100: world -> monde
[2024-12-06 12:56:30] [ERROR] Fallback translation lookup failed: SQLSTATE[42S22]: Column not found: 1054 Unknown column 'word' in 'where clause'
[2024-12-06 12:56:30] [INFO] Added word 10/100: world -> monde
[2024-12-06 12:56:32] [ERROR] Fallback translation lookup failed: SQLSTATE[42S22]: Column not found: 1054 Unknown column 'word' in 'where clause'
[2024-12-06 12:56:32] [INFO] Added word 11/100: world -> monde
[2024-12-06 12:56:33] [ERROR] Fallback translation lookup failed: SQLSTATE[42S22]: Column not found: 1054 Unknown column 'word' in 'where clause'
[2024-12-06 12:56:33] [INFO] Added word 12/100: world -> monde
[2024-12-06 12:56:35] [ERROR] Fallback translation lookup failed: SQLSTATE[42S22]: Column not found: 1054 Unknown column 'word' in 'where clause'
[2024-12-06 12:56:35] [INFO] Added word 13/100: world -> monde
[2024-12-06 12:56:36] [ERROR] Fallback translation lookup failed: SQLSTATE[42S22]: Column not found: 1054 Unknown column 'word' in 'where clause'
[2024-12-06 12:56:36] [INFO] Added word 14/100: world -> monde
[2024-12-06 12:56:38] [ERROR] Fallback translation lookup failed: SQLSTATE[42S22]: Column not found: 1054 Unknown column 'word' in 'where clause'
[2024-12-06 12:56:38] [INFO] Added word 15/100: world -> monde
[2024-12-06 12:56:40] [ERROR] Fallback translation lookup failed: SQLSTATE[42S22]: Column not found: 1054 Unknown column 'word' in 'where clause'
[2024-12-06 12:56:40] [INFO] Added word 16/100: world -> monde
[2024-12-06 12:56:42] [ERROR] Fallback translation lookup failed: SQLSTATE[42S22]: Column not found: 1054 Unknown column 'word' in 'where clause'
[2024-12-06 12:56:42] [INFO] Added word 17/100: world -> monde
[2024-12-06 12:56:43] [ERROR] Fallback translation lookup failed: SQLSTATE[42S22]: Column not found: 1054 Unknown column 'word' in 'where clause'
[2024-12-06 12:56:43] [INFO] Added word 18/100: world -> monde
[2024-12-06 12:56:44] [ERROR] Fallback translation lookup failed: SQLSTATE[42S22]: Column not found: 1054 Unknown column 'word' in 'where clause'
[2024-12-06 12:56:44] [INFO] Added word 19/100: world -> monde
[2024-12-06 12:56:46] [ERROR] Fallback translation lookup failed: SQLSTATE[42S22]: Column not found: 1054 Unknown column 'word' in 'where clause'
[2024-12-06 12:56:46] [INFO] Added word 20/100: world -> monde
[2024-12-06 12:56:48] [ERROR] Fallback translation lookup failed: SQLSTATE[42S22]: Column not found: 1054 Unknown column 'word' in 'where clause'
[2024-12-06 12:56:48] [INFO] Added word 21/100: world -> monde
[2024-12-06 12:56:49] [ERROR] Fallback translation lookup failed: SQLSTATE[42S22]: Column not found: 1054 Unknown column 'word' in 'where clause'
[2024-12-06 12:56:50] [INFO] Added word 22/100: world -> monde
[2024-12-06 12:56:51] [ERROR] Fallback translation lookup failed: SQLSTATE[42S22]: Column not found: 1054 Unknown column 'word' in 'where clause'
[2024-12-06 12:56:51] [INFO] Added word 23/100: world -> monde
[2024-12-06 12:56:51] [ERROR] Fallback translation lookup failed: SQLSTATE[42S22]: Column not found: 1054 Unknown column 'word' in 'where clause'
[2024-12-06 12:56:51] [INFO] Added word 24/100: world -> monde
[2024-12-06 12:56:52] [ERROR] Fallback translation lookup failed: SQLSTATE[42S22]: Column not found: 1054 Unknown column 'word' in 'where clause'
[2024-12-06 12:56:52] [INFO] Added word 25/100: world -> monde
[2024-12-06 12:56:53] [ERROR] Fallback translation lookup failed: SQLSTATE[42S22]: Column not found: 1054 Unknown column 'word' in 'where clause'
[2024-12-06 12:56:53] [INFO] Added word 26/100: world -> monde
[2024-12-06 12:56:53] [ERROR] Fallback translation lookup failed: SQLSTATE[42S22]: Column not found: 1054 Unknown column 'word' in 'where clause'
[2024-12-06 12:56:53] [INFO] Added word 27/100: world -> monde
[2024-12-06 12:56:55] [ERROR] Fallback translation lookup failed: SQLSTATE[42S22]: Column not found: 1054 Unknown column 'word' in 'where clause'
[2024-12-06 12:56:55] [INFO] Added word 28/100: world -> monde
[2024-12-06 12:56:56] [ERROR] Fallback translation lookup failed: SQLSTATE[42S22]: Column not found: 1054 Unknown column 'word' in 'where clause'
[2024-12-06 12:56:56] [INFO] Added word 29/100: world -> monde
[2024-12-06 12:56:58] [ERROR] Fallback translation lookup failed: SQLSTATE[42S22]: Column not found: 1054 Unknown column 'word' in 'where clause'
[2024-12-06 12:56:58] [INFO] Added word 30/100: world -> monde
[2024-12-06 12:56:59] [ERROR] Fallback translation lookup failed: SQLSTATE[42S22]: Column not found: 1054 Unknown column 'word' in 'where clause'
[2024-12-06 12:56:59] [INFO] Added word 31/100: world -> monde
[2024-12-06 12:57:01] [ERROR] Fallback translation lookup failed: SQLSTATE[42S22]: Column not found: 1054 Unknown column 'word' in 'where clause'
[2024-12-06 12:57:01] [INFO] Added word 32/100: world -> monde
[2024-12-06 12:57:02] [ERROR] Fallback translation lookup failed: SQLSTATE[42S22]: Column not found: 1054 Unknown column 'word' in 'where clause'
[2024-12-06 12:57:02] [INFO] Added word 33/100: world -> monde
[2024-12-06 12:57:04] [ERROR] Fallback translation lookup failed: SQLSTATE[42S22]: Column not found: 1054 Unknown column 'word' in 'where clause'
[2024-12-06 12:57:04] [INFO] Added word 34/100: world -> monde
[2024-12-06 12:57:05] [ERROR] Fallback translation lookup failed: SQLSTATE[42S22]: Column not found: 1054 Unknown column 'word' in 'where clause'
[2024-12-06 12:57:05] [INFO] Added word 35/100: world -> monde
[2024-12-06 12:57:07] [ERROR] Fallback translation lookup failed: SQLSTATE[42S22]: Column not found: 1054 Unknown column 'word' in 'where clause'
[2024-12-06 12:57:07] [INFO] Added word 36/100: world -> monde
[2024-12-06 12:57:09] [ERROR] Fallback translation lookup failed: SQLSTATE[42S22]: Column not found: 1054 Unknown column 'word' in 'where clause'
[2024-12-06 12:57:09] [INFO] Added word 37/100: world -> monde
[2024-12-06 12:57:11] [ERROR] Fallback translation lookup failed: SQLSTATE[42S22]: Column not found: 1054 Unknown column 'word' in 'where clause'
[2024-12-06 12:57:11] [INFO] Added word 38/100: world -> monde
[2024-12-06 12:57:12] [ERROR] Fallback translation lookup failed: SQLSTATE[42S22]: Column not found: 1054 Unknown column 'word' in 'where clause'
[2024-12-06 12:57:12] [INFO] Added word 39/100: world -> monde
[2024-12-06 12:57:15] [ERROR] Fallback translation lookup failed: SQLSTATE[42S22]: Column not found: 1054 Unknown column 'word' in 'where clause'
[2024-12-06 12:57:15] [INFO] Added word 40/100: world -> monde
[2024-12-06 12:57:17] [ERROR] Fallback translation lookup failed: SQLSTATE[42S22]: Column not found: 1054 Unknown column 'word' in 'where clause'
[2024-12-06 12:57:17] [INFO] Added word 41/100: world -> monde
[2024-12-06 12:57:19] [ERROR] Fallback translation lookup failed: SQLSTATE[42S22]: Column not found: 1054 Unknown column 'word' in 'where clause'
[2024-12-06 12:57:19] [INFO] Added word 42/100: world -> monde
[2024-12-06 12:57:21] [ERROR] Fallback translation lookup failed: SQLSTATE[42S22]: Column not found: 1054 Unknown column 'word' in 'where clause'
[2024-12-06 12:57:21] [INFO] Added word 43/100: world -> monde
[2024-12-06 12:57:22] [ERROR] Fallback translation lookup failed: SQLSTATE[42S22]: Column not found: 1054 Unknown column 'word' in 'where clause'
[2024-12-06 12:57:22] [INFO] Added word 44/100: world -> monde
[2024-12-06 12:57:24] [ERROR] Fallback translation lookup failed: SQLSTATE[42S22]: Column not found: 1054 Unknown column 'word' in 'where clause'
[2024-12-06 12:57:24] [INFO] Added word 45/100: world -> monde
[2024-12-06 12:57:25] [ERROR] Fallback translation lookup failed: SQLSTATE[42S22]: Column not found: 1054 Unknown column 'word' in 'where clause'
[2024-12-06 12:57:25] [INFO] Added word 46/100: world -> monde
[2024-12-06 12:57:27] [ERROR] Fallback translation lookup failed: SQLSTATE[42S22]: Column not found: 1054 Unknown column 'word' in 'where clause'
[2024-12-06 12:57:27] [INFO] Added word 47/100: world -> monde
[2024-12-06 12:57:28] [ERROR] Fallback translation lookup failed: SQLSTATE[42S22]: Column not found: 1054 Unknown column 'word' in 'where clause'
[2024-12-06 12:57:28] [INFO] Added word 48/100: world -> monde
[2024-12-06 12:57:30] [ERROR] Fallback translation lookup failed: SQLSTATE[42S22]: Column not found: 1054 Unknown column 'word' in 'where clause'
[2024-12-06 12:57:30] [INFO] Added word 49/100: world -> monde
[2024-12-06 12:57:31] [ERROR] Fallback translation lookup failed: SQLSTATE[42S22]: Column not found: 1054 Unknown column 'word' in 'where clause'
[2024-12-06 12:57:31] [INFO] Added word 50/100: world -> monde
[2024-12-06 12:57:33] [ERROR] Fallback translation lookup failed: SQLSTATE[42S22]: Column not found: 1054 Unknown column 'word' in 'where clause'
[2024-12-06 12:57:33] [INFO] Added word 51/100: world -> monde
[2024-12-06 12:57:34] [ERROR] Fallback translation lookup failed: SQLSTATE[42S22]: Column not found: 1054 Unknown column 'word' in 'where clause'
[2024-12-06 12:57:34] [INFO] Added word 52/100: world -> monde
[2024-12-06 12:57:38] [ERROR] Fallback translation lookup failed: SQLSTATE[42S22]: Column not found: 1054 Unknown column 'word' in 'where clause'
[2024-12-06 12:57:38] [INFO] Added word 53/100: world -> monde
[2024-12-06 12:57:40] [ERROR] Fallback translation lookup failed: SQLSTATE[42S22]: Column not found: 1054 Unknown column 'word' in 'where clause'
[2024-12-06 12:57:40] [INFO] Added word 54/100: world -> monde
[2024-12-06 12:57:41] [ERROR] Fallback translation lookup failed: SQLSTATE[42S22]: Column not found: 1054 Unknown column 'word' in 'where clause'
[2024-12-06 12:57:41] [INFO] Added word 55/100: world -> monde
[2024-12-06 12:57:43] [ERROR] Fallback translation lookup failed: SQLSTATE[42S22]: Column not found: 1054 Unknown column 'word' in 'where clause'
[2024-12-06 12:57:43] [INFO] Added word 56/100: world -> monde
[2024-12-06 12:57:44] [ERROR] Fallback translation lookup failed: SQLSTATE[42S22]: Column not found: 1054 Unknown column 'word' in 'where clause'
[2024-12-06 12:57:44] [INFO] Added word 57/100: world -> monde
[2024-12-06 12:57:46] [ERROR] Fallback translation lookup failed: SQLSTATE[42S22]: Column not found: 1054 Unknown column 'word' in 'where clause'
[2024-12-06 12:57:46] [INFO] Added word 58/100: world -> monde
[2024-12-06 12:57:47] [ERROR] Fallback translation lookup failed: SQLSTATE[42S22]: Column not found: 1054 Unknown column 'word' in 'where clause'
[2024-12-06 12:57:47] [INFO] Added word 59/100: world -> monde
[2024-12-06 12:57:49] [ERROR] Fallback translation lookup failed: SQLSTATE[42S22]: Column not found: 1054 Unknown column 'word' in 'where clause'
[2024-12-06 12:57:49] [INFO] Added word 60/100: world -> monde
[2024-12-06 12:57:51] [ERROR] Fallback translation lookup failed: SQLSTATE[42S22]: Column not found: 1054 Unknown column 'word' in 'where clause'
[2024-12-06 12:57:51] [INFO] Added word 61/100: world -> monde
[2024-12-06 12:57:53] [ERROR] Fallback translation lookup failed: SQLSTATE[42S22]: Column not found: 1054 Unknown column 'word' in 'where clause'
[2024-12-06 12:57:53] [INFO] Added word 62/100: world -> monde
[2024-12-06 12:57:55] [ERROR] Fallback translation lookup failed: SQLSTATE[42S22]: Column not found: 1054 Unknown column 'word' in 'where clause'
[2024-12-06 12:57:55] [INFO] Added word 63/100: world -> monde
[2024-12-06 12:57:56] [ERROR] Fallback translation lookup failed: SQLSTATE[42S22]: Column not found: 1054 Unknown column 'word' in 'where clause'
[2024-12-06 12:57:56] [INFO] Added word 64/100: world -> monde
[2024-12-06 12:57:58] [ERROR] Fallback translation lookup failed: SQLSTATE[42S22]: Column not found: 1054 Unknown column 'word' in 'where clause'
[2024-12-06 12:57:58] [INFO] Added word 65/100: world -> monde
[2024-12-06 12:58:00] [ERROR] Fallback translation lookup failed: SQLSTATE[42S22]: Column not found: 1054 Unknown column 'word' in 'where clause'
[2024-12-06 12:58:00] [INFO] Added word 66/100: world -> monde
[2024-12-06 12:58:01] [ERROR] Fallback translation lookup failed: SQLSTATE[42S22]: Column not found: 1054 Unknown column 'word' in 'where clause'
[2024-12-06 12:58:01] [INFO] Added word 67/100: world -> monde
[2024-12-06 12:58:03] [ERROR] Fallback translation lookup failed: SQLSTATE[42S22]: Column not found: 1054 Unknown column 'word' in 'where clause'
[2024-12-06 12:58:03] [INFO] Added word 68/100: world -> monde
[2024-12-06 12:58:04] [ERROR] Fallback translation lookup failed: SQLSTATE[42S22]: Column not found: 1054 Unknown column 'word' in 'where clause'
[2024-12-06 12:58:04] [INFO] Added word 69/100: world -> monde
[2024-12-06 12:58:06] [ERROR] Fallback translation lookup failed: SQLSTATE[42S22]: Column not found: 1054 Unknown column 'word' in 'where clause'
[2024-12-06 12:58:06] [INFO] Added word 70/100: world -> monde
[2024-12-06 12:58:08] [ERROR] Fallback translation lookup failed: SQLSTATE[42S22]: Column not found: 1054 Unknown column 'word' in 'where clause'
[2024-12-06 12:58:08] [INFO] Added word 71/100: world -> monde
[2024-12-06 12:58:09] [ERROR] Fallback translation lookup failed: SQLSTATE[42S22]: Column not found: 1054 Unknown column 'word' in 'where clause'
[2024-12-06 12:58:09] [INFO] Added word 72/100: world -> monde
[2024-12-06 12:58:11] [ERROR] Fallback translation lookup failed: SQLSTATE[42S22]: Column not found: 1054 Unknown column 'word' in 'where clause'
[2024-12-06 12:58:11] [INFO] Added word 73/100: world -> monde
[2024-12-06 12:58:12] [ERROR] Fallback translation lookup failed: SQLSTATE[42S22]: Column not found: 1054 Unknown column 'word' in 'where clause'
[2024-12-06 12:58:12] [INFO] Added word 74/100: world -> monde
[2024-12-06 12:58:14] [ERROR] Fallback translation lookup failed: SQLSTATE[42S22]: Column not found: 1054 Unknown column 'word' in 'where clause'
[2024-12-06 12:58:14] [INFO] Added word 75/100: world -> monde
[2024-12-06 12:58:15] [ERROR] Fallback translation lookup failed: SQLSTATE[42S22]: Column not found: 1054 Unknown column 'word' in 'where clause'
[2024-12-06 12:58:15] [INFO] Added word 76/100: world -> monde
[2024-12-06 12:58:17] [ERROR] Fallback translation lookup failed: SQLSTATE[42S22]: Column not found: 1054 Unknown column 'word' in 'where clause'
[2024-12-06 12:58:17] [INFO] Added word 77/100: world -> monde
[2024-12-06 12:58:18] [ERROR] Fallback translation lookup failed: SQLSTATE[42S22]: Column not found: 1054 Unknown column 'word' in 'where clause'
[2024-12-06 12:58:18] [INFO] Added word 78/100: world -> monde
[2024-12-06 12:58:20] [ERROR] Fallback translation lookup failed: SQLSTATE[42S22]: Column not found: 1054 Unknown column 'word' in 'where clause'
[2024-12-06 12:58:20] [INFO] Added word 79/100: world -> monde
[2024-12-06 12:58:21] [ERROR] Fallback translation lookup failed: SQLSTATE[42S22]: Column not found: 1054 Unknown column 'word' in 'where clause'
[2024-12-06 12:58:21] [INFO] Added word 80/100: world -> monde
[2024-12-06 12:58:23] [ERROR] Fallback translation lookup failed: SQLSTATE[42S22]: Column not found: 1054 Unknown column 'word' in 'where clause'
[2024-12-06 12:58:23] [INFO] Added word 81/100: world -> monde
[2024-12-06 12:58:24] [ERROR] Fallback translation lookup failed: SQLSTATE[42S22]: Column not found: 1054 Unknown column 'word' in 'where clause'
[2024-12-06 12:58:24] [INFO] Added word 82/100: world -> monde
[2024-12-06 12:58:26] [ERROR] Fallback translation lookup failed: SQLSTATE[42S22]: Column not found: 1054 Unknown column 'word' in 'where clause'
[2024-12-06 12:58:26] [INFO] Added word 83/100: world -> monde
[2024-12-06 12:58:28] [ERROR] Fallback translation lookup failed: SQLSTATE[42S22]: Column not found: 1054 Unknown column 'word' in 'where clause'
[2024-12-06 12:58:28] [INFO] Added word 84/100: world -> monde
[2024-12-06 12:58:29] [ERROR] Fallback translation lookup failed: SQLSTATE[42S22]: Column not found: 1054 Unknown column 'word' in 'where clause'
[2024-12-06 12:58:29] [INFO] Added word 85/100: world -> monde
[2024-12-06 12:58:31] [ERROR] Fallback translation lookup failed: SQLSTATE[42S22]: Column not found: 1054 Unknown column 'word' in 'where clause'
[2024-12-06 12:58:31] [INFO] Added word 86/100: world -> monde
[2024-12-06 12:58:32] [ERROR] Fallback translation lookup failed: SQLSTATE[42S22]: Column not found: 1054 Unknown column 'word' in 'where clause'
[2024-12-06 12:58:32] [INFO] Added word 87/100: world -> monde
[2024-12-06 12:58:34] [ERROR] Fallback translation lookup failed: SQLSTATE[42S22]: Column not found: 1054 Unknown column 'word' in 'where clause'
[2024-12-06 12:58:34] [INFO] Added word 88/100: world -> monde
[2024-12-06 12:58:35] [ERROR] Fallback translation lookup failed: SQLSTATE[42S22]: Column not found: 1054 Unknown column 'word' in 'where clause'
[2024-12-06 12:58:35] [INFO] Added word 89/100: world -> monde
[2024-12-06 12:58:37] [ERROR] Fallback translation lookup failed: SQLSTATE[42S22]: Column not found: 1054 Unknown column 'word' in 'where clause'
[2024-12-06 12:58:37] [INFO] Added word 90/100: world -> monde
[2024-12-06 12:58:38] [ERROR] Fallback translation lookup failed: SQLSTATE[42S22]: Column not found: 1054 Unknown column 'word' in 'where clause'
[2024-12-06 12:58:38] [INFO] Added word 91/100: world -> monde
[2024-12-06 12:58:40] [ERROR] Fallback translation lookup failed: SQLSTATE[42S22]: Column not found: 1054 Unknown column 'word' in 'where clause'
[2024-12-06 12:58:40] [INFO] Added word 92/100: world -> monde
[2024-12-06 12:58:41] [ERROR] Fallback translation lookup failed: SQLSTATE[42S22]: Column not found: 1054 Unknown column 'word' in 'where clause'
[2024-12-06 12:58:41] [INFO] Added word 93/100: world -> monde
[2024-12-06 12:58:43] [ERROR] Fallback translation lookup failed: SQLSTATE[42S22]: Column not found: 1054 Unknown column 'word' in 'where clause'
[2024-12-06 12:58:43] [INFO] Added word 94/100: world -> monde
[2024-12-06 12:58:44] [ERROR] Fallback translation lookup failed: SQLSTATE[42S22]: Column not found: 1054 Unknown column 'word' in 'where clause'
[2024-12-06 12:58:44] [INFO] Added word 95/100: world -> monde
[2024-12-06 12:58:46] [ERROR] Fallback translation lookup failed: SQLSTATE[42S22]: Column not found: 1054 Unknown column 'word' in 'where clause'
[2024-12-06 12:58:46] [INFO] Added word 96/100: world -> monde
[2024-12-06 12:58:49] [ERROR] Fallback translation lookup failed: SQLSTATE[42S22]: Column not found: 1054 Unknown column 'word' in 'where clause'
[2024-12-06 12:58:49] [INFO] Added word 97/100: world -> monde
[2024-12-06 12:58:51] [ERROR] Fallback translation lookup failed: SQLSTATE[42S22]: Column not found: 1054 Unknown column 'word' in 'where clause'
[2024-12-06 12:58:51] [INFO] Added word 98/100: world -> monde
[2024-12-06 12:58:53] [ERROR] Fallback translation lookup failed: SQLSTATE[42S22]: Column not found: 1054 Unknown column 'word' in 'where clause'
[2024-12-06 12:58:53] [INFO] Added word 99/100: world -> monde
[2024-12-06 12:58:55] [ERROR] Fallback translation lookup failed: SQLSTATE[42S22]: Column not found: 1054 Unknown column 'word' in 'where clause'
[2024-12-06 12:58:55] [INFO] Added word 100/100: world -> monde
[2024-12-06 13:00:22] [ERROR] Fallback translation lookup failed: SQLSTATE[42S22]: Column not found: 1054 Unknown column 'word' in 'where clause'
[2024-12-06 13:00:22] [INFO] Added word 1/100: world -> monde
[2024-12-06 13:00:23] [ERROR] Fallback translation lookup failed: SQLSTATE[42S22]: Column not found: 1054 Unknown column 'word' in 'where clause'
[2024-12-06 13:00:23] [INFO] Added word 2/100: world -> monde
[2024-12-06 13:00:25] [ERROR] Fallback translation lookup failed: SQLSTATE[42S22]: Column not found: 1054 Unknown column 'word' in 'where clause'
[2024-12-06 13:00:25] [INFO] Added word 3/100: world -> monde
[2024-12-06 13:00:26] [ERROR] Fallback translation lookup failed: SQLSTATE[42S22]: Column not found: 1054 Unknown column 'word' in 'where clause'
[2024-12-06 13:00:26] [INFO] Added word 4/100: world -> monde
[2024-12-06 13:00:28] [ERROR] Fallback translation lookup failed: SQLSTATE[42S22]: Column not found: 1054 Unknown column 'word' in 'where clause'
[2024-12-06 13:00:28] [INFO] Added word 5/100: world -> monde
[2024-12-06 13:00:30] [ERROR] Fallback translation lookup failed: SQLSTATE[42S22]: Column not found: 1054 Unknown column 'word' in 'where clause'
[2024-12-06 13:00:30] [INFO] Added word 6/100: world -> monde
[2024-12-06 13:00:32] [ERROR] Fallback translation lookup failed: SQLSTATE[42S22]: Column not found: 1054 Unknown column 'word' in 'where clause'
[2024-12-06 13:00:32] [INFO] Added word 7/100: world -> monde
[2024-12-06 13:00:33] [ERROR] Fallback translation lookup failed: SQLSTATE[42S22]: Column not found: 1054 Unknown column 'word' in 'where clause'
[2024-12-06 13:00:33] [INFO] Added word 8/100: world -> monde
[2024-12-06 13:00:35] [ERROR] Fallback translation lookup failed: SQLSTATE[42S22]: Column not found: 1054 Unknown column 'word' in 'where clause'
[2024-12-06 13:00:35] [INFO] Added word 9/100: world -> monde
[2024-12-06 13:00:37] [ERROR] Fallback translation lookup failed: SQLSTATE[42S22]: Column not found: 1054 Unknown column 'word' in 'where clause'
[2024-12-06 13:00:37] [INFO] Added word 10/100: world -> monde
[2024-12-06 13:00:38] [ERROR] Fallback translation lookup failed: SQLSTATE[42S22]: Column not found: 1054 Unknown column 'word' in 'where clause'
[2024-12-06 13:00:38] [INFO] Added word 11/100: world -> monde
[2024-12-06 13:00:40] [ERROR] Fallback translation lookup failed: SQLSTATE[42S22]: Column not found: 1054 Unknown column 'word' in 'where clause'
[2024-12-06 13:00:40] [INFO] Added word 12/100: world -> monde
[2024-12-06 13:00:41] [ERROR] Fallback translation lookup failed: SQLSTATE[42S22]: Column not found: 1054 Unknown column 'word' in 'where clause'
[2024-12-06 13:00:41] [INFO] Added word 13/100: world -> monde
[2024-12-06 13:00:43] [ERROR] Fallback translation lookup failed: SQLSTATE[42S22]: Column not found: 1054 Unknown column 'word' in 'where clause'
[2024-12-06 13:00:43] [INFO] Added word 14/100: world -> monde
[2024-12-06 13:00:45] [ERROR] Fallback translation lookup failed: SQLSTATE[42S22]: Column not found: 1054 Unknown column 'word' in 'where clause'
[2024-12-06 13:00:45] [INFO] Added word 15/100: world -> monde
[2024-12-06 13:00:46] [ERROR] Fallback translation lookup failed: SQLSTATE[42S22]: Column not found: 1054 Unknown column 'word' in 'where clause'
[2024-12-06 13:00:46] [INFO] Added word 16/100: world -> monde
[2024-12-06 13:00:48] [ERROR] Fallback translation lookup failed: SQLSTATE[42S22]: Column not found: 1054 Unknown column 'word' in 'where clause'
[2024-12-06 13:00:48] [INFO] Added word 17/100: world -> monde
[2024-12-06 13:00:49] [ERROR] Fallback translation lookup failed: SQLSTATE[42S22]: Column not found: 1054 Unknown column 'word' in 'where clause'
[2024-12-06 13:00:49] [INFO] Added word 18/100: world -> monde
[2024-12-06 13:00:51] [ERROR] Fallback translation lookup failed: SQLSTATE[42S22]: Column not found: 1054 Unknown column 'word' in 'where clause'
[2024-12-06 13:00:51] [INFO] Added word 19/100: world -> monde
[2024-12-06 13:00:53] [ERROR] Fallback translation lookup failed: SQLSTATE[42S22]: Column not found: 1054 Unknown column 'word' in 'where clause'
[2024-12-06 13:00:53] [INFO] Added word 20/100: world -> monde
[2024-12-06 13:00:54] [ERROR] Fallback translation lookup failed: SQLSTATE[42S22]: Column not found: 1054 Unknown column 'word' in 'where clause'
[2024-12-06 13:00:54] [INFO] Added word 21/100: world -> monde
[2024-12-06 13:00:56] [ERROR] Fallback translation lookup failed: SQLSTATE[42S22]: Column not found: 1054 Unknown column 'word' in 'where clause'
[2024-12-06 13:00:56] [INFO] Added word 22/100: world -> monde
[2024-12-06 13:00:57] [ERROR] Fallback translation lookup failed: SQLSTATE[42S22]: Column not found: 1054 Unknown column 'word' in 'where clause'
[2024-12-06 13:00:57] [INFO] Added word 23/100: world -> monde
[2024-12-06 13:00:59] [ERROR] Fallback translation lookup failed: SQLSTATE[42S22]: Column not found: 1054 Unknown column 'word' in 'where clause'
[2024-12-06 13:00:59] [INFO] Added word 24/100: world -> monde
[2024-12-06 13:01:00] [ERROR] Fallback translation lookup failed: SQLSTATE[42S22]: Column not found: 1054 Unknown column 'word' in 'where clause'
[2024-12-06 13:01:00] [INFO] Added word 25/100: world -> monde
[2024-12-06 13:01:02] [ERROR] Fallback translation lookup failed: SQLSTATE[42S22]: Column not found: 1054 Unknown column 'word' in 'where clause'
[2024-12-06 13:01:02] [INFO] Added word 26/100: world -> monde
[2024-12-06 13:01:04] [ERROR] Fallback translation lookup failed: SQLSTATE[42S22]: Column not found: 1054 Unknown column 'word' in 'where clause'
[2024-12-06 13:01:04] [INFO] Added word 27/100: world -> monde
[2024-12-06 13:01:05] [ERROR] Fallback translation lookup failed: SQLSTATE[42S22]: Column not found: 1054 Unknown column 'word' in 'where clause'
[2024-12-06 13:01:05] [INFO] Added word 28/100: world -> monde
[2024-12-06 13:01:07] [ERROR] Fallback translation lookup failed: SQLSTATE[42S22]: Column not found: 1054 Unknown column 'word' in 'where clause'
[2024-12-06 13:01:07] [INFO] Added word 29/100: world -> monde
[2024-12-06 13:01:08] [ERROR] Fallback translation lookup failed: SQLSTATE[42S22]: Column not found: 1054 Unknown column 'word' in 'where clause'
[2024-12-06 13:01:08] [INFO] Added word 30/100: world -> monde
[2024-12-06 13:01:10] [ERROR] Fallback translation lookup failed: SQLSTATE[42S22]: Column not found: 1054 Unknown column 'word' in 'where clause'
[2024-12-06 13:01:10] [INFO] Added word 31/100: world -> monde
[2024-12-06 13:01:11] [ERROR] Fallback translation lookup failed: SQLSTATE[42S22]: Column not found: 1054 Unknown column 'word' in 'where clause'
[2024-12-06 13:01:11] [INFO] Added word 32/100: world -> monde
[2024-12-06 13:01:13] [ERROR] Fallback translation lookup failed: SQLSTATE[42S22]: Column not found: 1054 Unknown column 'word' in 'where clause'
[2024-12-06 13:01:13] [INFO] Added word 33/100: world -> monde
[2024-12-06 13:01:14] [ERROR] Fallback translation lookup failed: SQLSTATE[42S22]: Column not found: 1054 Unknown column 'word' in 'where clause'
[2024-12-06 13:01:14] [INFO] Added word 34/100: world -> monde
[2024-12-06 13:01:16] [ERROR] Fallback translation lookup failed: SQLSTATE[42S22]: Column not found: 1054 Unknown column 'word' in 'where clause'
[2024-12-06 13:01:16] [INFO] Added word 35/100: world -> monde
[2024-12-06 13:01:18] [ERROR] Fallback translation lookup failed: SQLSTATE[42S22]: Column not found: 1054 Unknown column 'word' in 'where clause'
[2024-12-06 13:01:18] [INFO] Added word 36/100: world -> monde
[2024-12-06 13:01:19] [ERROR] Fallback translation lookup failed: SQLSTATE[42S22]: Column not found: 1054 Unknown column 'word' in 'where clause'
[2024-12-06 13:01:19] [INFO] Added word 37/100: world -> monde
[2024-12-06 13:01:21] [ERROR] Fallback translation lookup failed: SQLSTATE[42S22]: Column not found: 1054 Unknown column 'word' in 'where clause'
[2024-12-06 13:01:21] [INFO] Added word 38/100: world -> monde
[2024-12-06 13:01:22] [ERROR] Fallback translation lookup failed: SQLSTATE[42S22]: Column not found: 1054 Unknown column 'word' in 'where clause'
[2024-12-06 13:01:22] [INFO] Added word 39/100: world -> monde
[2024-12-06 13:01:25] [ERROR] Fallback translation lookup failed: SQLSTATE[42S22]: Column not found: 1054 Unknown column 'word' in 'where clause'
[2024-12-06 13:01:25] [INFO] Added word 40/100: world -> monde
[2024-12-06 13:01:27] [ERROR] Fallback translation lookup failed: SQLSTATE[42S22]: Column not found: 1054 Unknown column 'word' in 'where clause'
[2024-12-06 13:01:27] [INFO] Added word 41/100: world -> monde
[2024-12-06 13:01:29] [ERROR] Fallback translation lookup failed: SQLSTATE[42S22]: Column not found: 1054 Unknown column 'word' in 'where clause'
[2024-12-06 13:01:29] [INFO] Added word 42/100: world -> monde
[2024-12-06 13:01:31] [ERROR] Fallback translation lookup failed: SQLSTATE[42S22]: Column not found: 1054 Unknown column 'word' in 'where clause'
[2024-12-06 13:01:31] [INFO] Added word 43/100: world -> monde
[2024-12-06 13:01:32] [ERROR] Fallback translation lookup failed: SQLSTATE[42S22]: Column not found: 1054 Unknown column 'word' in 'where clause'
[2024-12-06 13:01:32] [INFO] Added word 44/100: world -> monde
[2024-12-06 13:01:34] [ERROR] Fallback translation lookup failed: SQLSTATE[42S22]: Column not found: 1054 Unknown column 'word' in 'where clause'
[2024-12-06 13:01:34] [INFO] Added word 45/100: world -> monde
[2024-12-06 13:01:35] [ERROR] Fallback translation lookup failed: SQLSTATE[42S22]: Column not found: 1054 Unknown column 'word' in 'where clause'
[2024-12-06 13:01:35] [INFO] Added word 46/100: world -> monde
[2024-12-06 13:01:37] [ERROR] Fallback translation lookup failed: SQLSTATE[42S22]: Column not found: 1054 Unknown column 'word' in 'where clause'
[2024-12-06 13:01:37] [INFO] Added word 47/100: world -> monde
[2024-12-06 13:01:39] [ERROR] Fallback translation lookup failed: SQLSTATE[42S22]: Column not found: 1054 Unknown column 'word' in 'where clause'
[2024-12-06 13:01:39] [INFO] Added word 48/100: world -> monde
[2024-12-06 13:01:40] [ERROR] Fallback translation lookup failed: SQLSTATE[42S22]: Column not found: 1054 Unknown column 'word' in 'where clause'
[2024-12-06 13:01:40] [INFO] Added word 49/100: world -> monde
[2024-12-06 13:01:42] [ERROR] Fallback translation lookup failed: SQLSTATE[42S22]: Column not found: 1054 Unknown column 'word' in 'where clause'
[2024-12-06 13:01:42] [INFO] Added word 50/100: world -> monde
[2024-12-06 13:01:43] [ERROR] Fallback translation lookup failed: SQLSTATE[42S22]: Column not found: 1054 Unknown column 'word' in 'where clause'
[2024-12-06 13:01:43] [INFO] Added word 51/100: world -> monde
[2024-12-06 13:01:45] [ERROR] Fallback translation lookup failed: SQLSTATE[42S22]: Column not found: 1054 Unknown column 'word' in 'where clause'
[2024-12-06 13:01:45] [INFO] Added word 52/100: world -> monde
[2024-12-06 13:01:46] [ERROR] Fallback translation lookup failed: SQLSTATE[42S22]: Column not found: 1054 Unknown column 'word' in 'where clause'
[2024-12-06 13:01:46] [INFO] Added word 53/100: world -> monde
[2024-12-06 13:01:48] [ERROR] Fallback translation lookup failed: SQLSTATE[42S22]: Column not found: 1054 Unknown column 'word' in 'where clause'
[2024-12-06 13:01:48] [INFO] Added word 54/100: world -> monde
[2024-12-06 13:01:49] [ERROR] Fallback translation lookup failed: SQLSTATE[42S22]: Column not found: 1054 Unknown column 'word' in 'where clause'
[2024-12-06 13:01:49] [INFO] Added word 55/100: world -> monde
[2024-12-06 13:01:51] [ERROR] Fallback translation lookup failed: SQLSTATE[42S22]: Column not found: 1054 Unknown column 'word' in 'where clause'
[2024-12-06 13:01:51] [INFO] Added word 56/100: world -> monde
[2024-12-06 13:01:53] [ERROR] Fallback translation lookup failed: SQLSTATE[42S22]: Column not found: 1054 Unknown column 'word' in 'where clause'
[2024-12-06 13:01:53] [INFO] Added word 57/100: world -> monde
[2024-12-06 13:01:54] [ERROR] Fallback translation lookup failed: SQLSTATE[42S22]: Column not found: 1054 Unknown column 'word' in 'where clause'
[2024-12-06 13:01:54] [INFO] Added word 58/100: world -> monde
[2024-12-06 13:01:56] [ERROR] Fallback translation lookup failed: SQLSTATE[42S22]: Column not found: 1054 Unknown column 'word' in 'where clause'
[2024-12-06 13:01:56] [INFO] Added word 59/100: world -> monde
[2024-12-06 13:01:57] [ERROR] Fallback translation lookup failed: SQLSTATE[42S22]: Column not found: 1054 Unknown column 'word' in 'where clause'
[2024-12-06 13:01:57] [INFO] Added word 60/100: world -> monde
[2024-12-06 13:01:59] [ERROR] Fallback translation lookup failed: SQLSTATE[42S22]: Column not found: 1054 Unknown column 'word' in 'where clause'
[2024-12-06 13:01:59] [INFO] Added word 61/100: world -> monde
[2024-12-06 13:02:00] [ERROR] Fallback translation lookup failed: SQLSTATE[42S22]: Column not found: 1054 Unknown column 'word' in 'where clause'
[2024-12-06 13:02:00] [INFO] Added word 62/100: world -> monde
[2024-12-06 13:02:02] [ERROR] Fallback translation lookup failed: SQLSTATE[42S22]: Column not found: 1054 Unknown column 'word' in 'where clause'
[2024-12-06 13:02:02] [INFO] Added word 63/100: world -> monde
[2024-12-06 13:02:03] [ERROR] Fallback translation lookup failed: SQLSTATE[42S22]: Column not found: 1054 Unknown column 'word' in 'where clause'
[2024-12-06 13:02:03] [INFO] Added word 64/100: world -> monde
[2024-12-06 13:02:05] [ERROR] Fallback translation lookup failed: SQLSTATE[42S22]: Column not found: 1054 Unknown column 'word' in 'where clause'
[2024-12-06 13:02:05] [INFO] Added word 65/100: world -> monde
[2024-12-06 13:02:06] [ERROR] Fallback translation lookup failed: SQLSTATE[42S22]: Column not found: 1054 Unknown column 'word' in 'where clause'
[2024-12-06 13:02:06] [INFO] Added word 66/100: world -> monde
[2024-12-06 13:02:08] [ERROR] Fallback translation lookup failed: SQLSTATE[42S22]: Column not found: 1054 Unknown column 'word' in 'where clause'
[2024-12-06 13:02:08] [INFO] Added word 67/100: world -> monde
[2024-12-06 13:02:09] [ERROR] Fallback translation lookup failed: SQLSTATE[42S22]: Column not found: 1054 Unknown column 'word' in 'where clause'
[2024-12-06 13:02:09] [INFO] Added word 68/100: world -> monde
[2024-12-06 13:02:11] [ERROR] Fallback translation lookup failed: SQLSTATE[42S22]: Column not found: 1054 Unknown column 'word' in 'where clause'
[2024-12-06 13:02:11] [INFO] Added word 69/100: world -> monde
[2024-12-06 13:02:13] [ERROR] Fallback translation lookup failed: SQLSTATE[42S22]: Column not found: 1054 Unknown column 'word' in 'where clause'
[2024-12-06 13:02:13] [INFO] Added word 70/100: world -> monde
[2024-12-06 13:02:14] [ERROR] Fallback translation lookup failed: SQLSTATE[42S22]: Column not found: 1054 Unknown column 'word' in 'where clause'
[2024-12-06 13:02:14] [INFO] Added word 71/100: world -> monde
[2024-12-06 13:02:16] [ERROR] Fallback translation lookup failed: SQLSTATE[42S22]: Column not found: 1054 Unknown column 'word' in 'where clause'
[2024-12-06 13:02:16] [INFO] Added word 72/100: world -> monde
[2024-12-06 13:02:17] [ERROR] Fallback translation lookup failed: SQLSTATE[42S22]: Column not found: 1054 Unknown column 'word' in 'where clause'
[2024-12-06 13:02:17] [INFO] Added word 73/100: world -> monde
[2024-12-06 13:02:19] [ERROR] Fallback translation lookup failed: SQLSTATE[42S22]: Column not found: 1054 Unknown column 'word' in 'where clause'
[2024-12-06 13:02:19] [INFO] Added word 74/100: world -> monde
[2024-12-06 13:02:20] [ERROR] Fallback translation lookup failed: SQLSTATE[42S22]: Column not found: 1054 Unknown column 'word' in 'where clause'
[2024-12-06 13:02:20] [INFO] Added word 75/100: world -> monde
[2024-12-06 13:02:22] [ERROR] Fallback translation lookup failed: SQLSTATE[42S22]: Column not found: 1054 Unknown column 'word' in 'where clause'
[2024-12-06 13:02:22] [INFO] Added word 76/100: world -> monde
[2024-12-06 13:02:23] [ERROR] Fallback translation lookup failed: SQLSTATE[42S22]: Column not found: 1054 Unknown column 'word' in 'where clause'
[2024-12-06 13:02:23] [INFO] Added word 77/100: world -> monde
[2024-12-06 13:02:25] [ERROR] Fallback translation lookup failed: SQLSTATE[42S22]: Column not found: 1054 Unknown column 'word' in 'where clause'
[2024-12-06 13:02:25] [INFO] Added word 78/100: world -> monde
[2024-12-06 13:02:26] [ERROR] Fallback translation lookup failed: SQLSTATE[42S22]: Column not found: 1054 Unknown column 'word' in 'where clause'
[2024-12-06 13:02:26] [INFO] Added word 79/100: world -> monde
[2024-12-06 13:02:28] [ERROR] Fallback translation lookup failed: SQLSTATE[42S22]: Column not found: 1054 Unknown column 'word' in 'where clause'
[2024-12-06 13:02:28] [INFO] Added word 80/100: world -> monde
[2024-12-06 13:02:29] [ERROR] Fallback translation lookup failed: SQLSTATE[42S22]: Column not found: 1054 Unknown column 'word' in 'where clause'
[2024-12-06 13:02:29] [INFO] Added word 81/100: world -> monde
[2024-12-06 13:02:31] [ERROR] Fallback translation lookup failed: SQLSTATE[42S22]: Column not found: 1054 Unknown column 'word' in 'where clause'
[2024-12-06 13:02:31] [INFO] Added word 82/100: world -> monde
[2024-12-06 13:02:33] [ERROR] Fallback translation lookup failed: SQLSTATE[42S22]: Column not found: 1054 Unknown column 'word' in 'where clause'
[2024-12-06 13:02:33] [INFO] Added word 83/100: world -> monde
[2024-12-06 13:02:34] [ERROR] Fallback translation lookup failed: SQLSTATE[42S22]: Column not found: 1054 Unknown column 'word' in 'where clause'
[2024-12-06 13:02:34] [INFO] Added word 84/100: world -> monde
[2024-12-06 13:02:36] [ERROR] Fallback translation lookup failed: SQLSTATE[42S22]: Column not found: 1054 Unknown column 'word' in 'where clause'
[2024-12-06 13:02:36] [INFO] Added word 85/100: world -> monde
[2024-12-06 13:02:37] [ERROR] Fallback translation lookup failed: SQLSTATE[42S22]: Column not found: 1054 Unknown column 'word' in 'where clause'
[2024-12-06 13:02:37] [INFO] Added word 86/100: world -> monde
[2024-12-06 13:02:39] [ERROR] Fallback translation lookup failed: SQLSTATE[42S22]: Column not found: 1054 Unknown column 'word' in 'where clause'
[2024-12-06 13:02:39] [INFO] Added word 87/100: world -> monde
[2024-12-06 13:02:40] [ERROR] Fallback translation lookup failed: SQLSTATE[42S22]: Column not found: 1054 Unknown column 'word' in 'where clause'
[2024-12-06 13:02:40] [INFO] Added word 88/100: world -> monde
[2024-12-06 13:02:42] [ERROR] Fallback translation lookup failed: SQLSTATE[42S22]: Column not found: 1054 Unknown column 'word' in 'where clause'
[2024-12-06 13:02:42] [INFO] Added word 89/100: world -> monde
[2024-12-06 13:02:43] [ERROR] Fallback translation lookup failed: SQLSTATE[42S22]: Column not found: 1054 Unknown column 'word' in 'where clause'
[2024-12-06 13:02:43] [INFO] Added word 90/100: world -> monde
[2024-12-06 13:02:45] [ERROR] Fallback translation lookup failed: SQLSTATE[42S22]: Column not found: 1054 Unknown column 'word' in 'where clause'
[2024-12-06 13:02:45] [INFO] Added word 91/100: world -> monde
[2024-12-06 13:02:46] [ERROR] Fallback translation lookup failed: SQLSTATE[42S22]: Column not found: 1054 Unknown column 'word' in 'where clause'
[2024-12-06 13:02:46] [INFO] Added word 92/100: world -> monde
[2024-12-06 13:02:48] [ERROR] Fallback translation lookup failed: SQLSTATE[42S22]: Column not found: 1054 Unknown column 'word' in 'where clause'
[2024-12-06 13:02:48] [INFO] Added word 93/100: world -> monde
[2024-12-06 13:02:49] [ERROR] Fallback translation lookup failed: SQLSTATE[42S22]: Column not found: 1054 Unknown column 'word' in 'where clause'
[2024-12-06 13:02:49] [INFO] Added word 94/100: world -> monde
[2024-12-06 13:02:51] [ERROR] Fallback translation lookup failed: SQLSTATE[42S22]: Column not found: 1054 Unknown column 'word' in 'where clause'
[2024-12-06 13:02:51] [INFO] Added word 95/100: world -> monde
[2024-12-06 13:02:53] [ERROR] Fallback translation lookup failed: SQLSTATE[42S22]: Column not found: 1054 Unknown column 'word' in 'where clause'
[2024-12-06 13:02:53] [INFO] Added word 96/100: world -> monde
[2024-12-06 13:02:55] [ERROR] Fallback translation lookup failed: SQLSTATE[42S22]: Column not found: 1054 Unknown column 'word' in 'where clause'
[2024-12-06 13:02:55] [INFO] Added word 97/100: world -> monde
[2024-12-06 13:02:56] [ERROR] Fallback translation lookup failed: SQLSTATE[42S22]: Column not found: 1054 Unknown column 'word' in 'where clause'
[2024-12-06 13:02:56] [INFO] Added word 98/100: world -> monde
[2024-12-06 13:02:58] [ERROR] Fallback translation lookup failed: SQLSTATE[42S22]: Column not found: 1054 Unknown column 'word' in 'where clause'
[2024-12-06 13:02:58] [INFO] Added word 99/100: world -> monde
[2024-12-06 13:03:00] [ERROR] Fallback translation lookup failed: SQLSTATE[42S22]: Column not found: 1054 Unknown column 'word' in 'where clause'
[2024-12-06 13:03:00] [INFO] Added word 100/100: world -> monde
[2024-12-06 13:07:14] [INFO] Login attempt initiated
[2024-12-06 13:07:14] [INFO] Successful login for user: nana.kwaku@gmail.com
[2024-12-06 13:07:15] [ERROR] Fallback translation lookup failed: SQLSTATE[42S22]: Column not found: 1054 Unknown column 'word' in 'where clause'
[2024-12-06 13:07:15] [INFO] Added word 1/100: world -> monde
[2024-12-06 13:07:17] [ERROR] Fallback translation lookup failed: SQLSTATE[42S22]: Column not found: 1054 Unknown column 'word' in 'where clause'
[2024-12-06 13:07:17] [INFO] Added word 2/100: world -> monde
[2024-12-06 13:07:18] [ERROR] Fallback translation lookup failed: SQLSTATE[42S22]: Column not found: 1054 Unknown column 'word' in 'where clause'
[2024-12-06 13:07:18] [INFO] Added word 3/100: world -> monde
[2024-12-06 13:07:20] [ERROR] Fallback translation lookup failed: SQLSTATE[42S22]: Column not found: 1054 Unknown column 'word' in 'where clause'
[2024-12-06 13:07:20] [INFO] Added word 4/100: world -> monde
[2024-12-06 13:07:21] [ERROR] Fallback translation lookup failed: SQLSTATE[42S22]: Column not found: 1054 Unknown column 'word' in 'where clause'
[2024-12-06 13:07:21] [INFO] Added word 5/100: world -> monde
[2024-12-06 13:07:24] [ERROR] Fallback translation lookup failed: SQLSTATE[42S22]: Column not found: 1054 Unknown column 'word' in 'where clause'
[2024-12-06 13:07:24] [INFO] Added word 6/100: world -> monde
[2024-12-06 13:07:25] [ERROR] Fallback translation lookup failed: SQLSTATE[42S22]: Column not found: 1054 Unknown column 'word' in 'where clause'
[2024-12-06 13:07:25] [INFO] Added word 7/100: world -> monde
[2024-12-06 13:07:27] [ERROR] Fallback translation lookup failed: SQLSTATE[42S22]: Column not found: 1054 Unknown column 'word' in 'where clause'
[2024-12-06 13:07:27] [INFO] Added word 8/100: world -> monde
[2024-12-06 13:42:28] [INFO] Login attempt initiated
[2024-12-06 13:42:28] [INFO] Successful login for user: nana.kwaks@gmail.com
[2024-12-06 13:46:25] [ERROR] Error getting exercise: SQLSTATE[42S02]: Base table or view not found: 1146 Table 'litdb.user_exercise_progress' doesn't exist
[2024-12-06 13:46:29] [ERROR] Error getting exercise: SQLSTATE[42S02]: Base table or view not found: 1146 Table 'litdb.user_exercise_progress' doesn't exist
[2024-12-06 13:48:02] [ERROR] Error getting exercise: SQLSTATE[42S02]: Base table or view not found: 1146 Table 'litdb.user_exercise_progress' doesn't exist
